31-Aug-2016 14:08:04.666 INFO [main] org.apache.catalina.startup.VersionLoggerListener.log Server version:        Apache Tomcat/8.0.35
31-Aug-2016 14:08:04.666 INFO [main] org.apache.catalina.startup.VersionLoggerListener.log Server built:          May 11 2016 21:57:08 UTC
31-Aug-2016 14:08:04.666 INFO [main] org.apache.catalina.startup.VersionLoggerListener.log Server number:         8.0.35.0
31-Aug-2016 14:08:04.666 INFO [main] org.apache.catalina.startup.VersionLoggerListener.log OS Name:               Windows 8.1
31-Aug-2016 14:08:04.666 INFO [main] org.apache.catalina.startup.VersionLoggerListener.log OS Version:            6.3
31-Aug-2016 14:08:04.666 INFO [main] org.apache.catalina.startup.VersionLoggerListener.log Architecture:          amd64
31-Aug-2016 14:08:04.666 INFO [main] org.apache.catalina.startup.VersionLoggerListener.log Java Home:             D:\Program Files\Java\jdk1.8.0_51
31-Aug-2016 14:08:04.666 INFO [main] org.apache.catalina.startup.VersionLoggerListener.log JVM Version:           1.8.0_51-b16
31-Aug-2016 14:08:04.666 INFO [main] org.apache.catalina.startup.VersionLoggerListener.log JVM Vendor:            Oracle Corporation
31-Aug-2016 14:08:04.666 INFO [main] org.apache.catalina.startup.VersionLoggerListener.log CATALINA_BASE:         D:\apache-tomcat-8.0.35
31-Aug-2016 14:08:04.666 INFO [main] org.apache.catalina.startup.VersionLoggerListener.log CATALINA_HOME:         D:\apache-tomcat-8.0.35
31-Aug-2016 14:08:04.666 INFO [main] org.apache.catalina.startup.VersionLoggerListener.log Command line argument: -Djdk.tls.ephemeralDHKeySize=2048
31-Aug-2016 14:08:04.666 INFO [main] org.apache.catalina.startup.VersionLoggerListener.log Command line argument: -Djava.util.logging.config.file=D:\apache-tomcat-8.0.35\conf\logging.properties
31-Aug-2016 14:08:04.666 INFO [main] org.apache.catalina.startup.VersionLoggerListener.log Command line argument: -Djava.util.logging.manager=org.apache.juli.ClassLoaderLogManager
31-Aug-2016 14:08:04.666 INFO [main] org.apache.catalina.startup.VersionLoggerListener.log Command line argument: -Djava.endorsed.dirs=D:\apache-tomcat-8.0.35\endorsed
31-Aug-2016 14:08:04.666 INFO [main] org.apache.catalina.startup.VersionLoggerListener.log Command line argument: -Dcatalina.base=D:\apache-tomcat-8.0.35
31-Aug-2016 14:08:04.666 INFO [main] org.apache.catalina.startup.VersionLoggerListener.log Command line argument: -Dcatalina.home=D:\apache-tomcat-8.0.35
31-Aug-2016 14:08:04.666 INFO [main] org.apache.catalina.startup.VersionLoggerListener.log Command line argument: -Djava.io.tmpdir=D:\apache-tomcat-8.0.35\temp
31-Aug-2016 14:08:04.666 INFO [main] org.apache.catalina.core.AprLifecycleListener.lifecycleEvent Loaded APR based Apache Tomcat Native library 1.2.7 using APR version 1.5.2.
31-Aug-2016 14:08:04.666 INFO [main] org.apache.catalina.core.AprLifecycleListener.lifecycleEvent APR capabilities: IPv6 [true], sendfile [true], accept filters [false], random [true].
31-Aug-2016 14:08:05.151 INFO [main] org.apache.catalina.core.AprLifecycleListener.initializeSSL OpenSSL successfully initialized (OpenSSL 1.0.2h  3 May 2016)
31-Aug-2016 14:08:05.236 INFO [main] org.apache.coyote.AbstractProtocol.init Initializing ProtocolHandler ["http-apr-8080"]
31-Aug-2016 14:08:05.236 INFO [main] org.apache.coyote.AbstractProtocol.init Initializing ProtocolHandler ["ajp-apr-8009"]
31-Aug-2016 14:08:05.236 INFO [main] org.apache.catalina.startup.Catalina.load Initialization processed in 821 ms
31-Aug-2016 14:08:05.252 INFO [main] org.apache.catalina.core.StandardService.startInternal Starting service Catalina
31-Aug-2016 14:08:05.267 INFO [main] org.apache.catalina.core.StandardEngine.startInternal Starting Servlet Engine: Apache Tomcat/8.0.35
31-Aug-2016 14:08:05.288 INFO [localhost-startStop-1] org.apache.catalina.startup.HostConfig.deployDirectory Deploying web application directory D:\apache-tomcat-8.0.35\webapps\22canvas
31-Aug-2016 14:08:05.521 INFO [localhost-startStop-1] org.apache.catalina.startup.HostConfig.deployDirectory Deployment of web application directory D:\apache-tomcat-8.0.35\webapps\22canvas has finished in 233 ms
31-Aug-2016 14:08:05.521 INFO [localhost-startStop-1] org.apache.catalina.startup.HostConfig.deployDirectory Deploying web application directory D:\apache-tomcat-8.0.35\webapps\docs
31-Aug-2016 14:08:05.537 INFO [localhost-startStop-1] org.apache.catalina.startup.HostConfig.deployDirectory Deployment of web application directory D:\apache-tomcat-8.0.35\webapps\docs has finished in 16 ms
31-Aug-2016 14:08:05.537 INFO [localhost-startStop-1] org.apache.catalina.startup.HostConfig.deployDirectory Deploying web application directory D:\apache-tomcat-8.0.35\webapps\examples
31-Aug-2016 14:08:05.721 INFO [localhost-startStop-1] org.apache.catalina.startup.HostConfig.deployDirectory Deployment of web application directory D:\apache-tomcat-8.0.35\webapps\examples has finished in 184 ms
31-Aug-2016 14:08:05.721 INFO [localhost-startStop-1] org.apache.catalina.startup.HostConfig.deployDirectory Deploying web application directory D:\apache-tomcat-8.0.35\webapps\host-manager
31-Aug-2016 14:08:05.768 INFO [localhost-startStop-1] org.apache.catalina.startup.HostConfig.deployDirectory Deployment of web application directory D:\apache-tomcat-8.0.35\webapps\host-manager has finished in 32 ms
31-Aug-2016 14:08:05.768 INFO [localhost-startStop-1] org.apache.catalina.startup.HostConfig.deployDirectory Deploying web application directory D:\apache-tomcat-8.0.35\webapps\manager
31-Aug-2016 14:08:05.790 INFO [localhost-startStop-1] org.apache.catalina.startup.HostConfig.deployDirectory Deployment of web application directory D:\apache-tomcat-8.0.35\webapps\manager has finished in 22 ms
31-Aug-2016 14:08:05.790 INFO [localhost-startStop-1] org.apache.catalina.startup.HostConfig.deployDirectory Deploying web application directory D:\apache-tomcat-8.0.35\webapps\portal
31-Aug-2016 14:08:05.806 INFO [localhost-startStop-1] org.apache.catalina.startup.HostConfig.deployDirectory Deployment of web application directory D:\apache-tomcat-8.0.35\webapps\portal has finished in 16 ms
31-Aug-2016 14:08:05.806 INFO [localhost-startStop-1] org.apache.catalina.startup.HostConfig.deployDirectory Deploying web application directory D:\apache-tomcat-8.0.35\webapps\ROOT
31-Aug-2016 14:08:05.822 INFO [localhost-startStop-1] org.apache.catalina.startup.HostConfig.deployDirectory Deployment of web application directory D:\apache-tomcat-8.0.35\webapps\ROOT has finished in 16 ms
31-Aug-2016 14:08:05.822 INFO [localhost-startStop-1] org.apache.catalina.startup.HostConfig.deployDirectory Deploying web application directory D:\apache-tomcat-8.0.35\webapps\tenant
31-Aug-2016 14:08:05.837 INFO [localhost-startStop-1] org.apache.catalina.startup.HostConfig.deployDirectory Deployment of web application directory D:\apache-tomcat-8.0.35\webapps\tenant has finished in 15 ms
31-Aug-2016 14:08:05.837 INFO [main] org.apache.coyote.AbstractProtocol.start Starting ProtocolHandler ["http-apr-8080"]
31-Aug-2016 14:08:05.853 INFO [main] org.apache.coyote.AbstractProtocol.start Starting ProtocolHandler ["ajp-apr-8009"]
31-Aug-2016 14:08:05.853 INFO [main] org.apache.catalina.startup.Catalina.start Server startup in 617 ms
31-Aug-2016 14:08:26.471 INFO [main] org.apache.catalina.startup.VersionLoggerListener.log Server version:        Apache Tomcat/8.0.35
31-Aug-2016 14:08:26.486 INFO [main] org.apache.catalina.startup.VersionLoggerListener.log Server built:          May 11 2016 21:57:08 UTC
31-Aug-2016 14:08:26.486 INFO [main] org.apache.catalina.startup.VersionLoggerListener.log Server number:         8.0.35.0
31-Aug-2016 14:08:26.486 INFO [main] org.apache.catalina.startup.VersionLoggerListener.log OS Name:               Windows 8.1
31-Aug-2016 14:08:26.486 INFO [main] org.apache.catalina.startup.VersionLoggerListener.log OS Version:            6.3
31-Aug-2016 14:08:26.486 INFO [main] org.apache.catalina.startup.VersionLoggerListener.log Architecture:          amd64
31-Aug-2016 14:08:26.486 INFO [main] org.apache.catalina.startup.VersionLoggerListener.log Java Home:             D:\Program Files\Java\jdk1.8.0_51
31-Aug-2016 14:08:26.486 INFO [main] org.apache.catalina.startup.VersionLoggerListener.log JVM Version:           1.8.0_51-b16
31-Aug-2016 14:08:26.486 INFO [main] org.apache.catalina.startup.VersionLoggerListener.log JVM Vendor:            Oracle Corporation
31-Aug-2016 14:08:26.486 INFO [main] org.apache.catalina.startup.VersionLoggerListener.log CATALINA_BASE:         D:\apache-tomcat-8.0.35
31-Aug-2016 14:08:26.486 INFO [main] org.apache.catalina.startup.VersionLoggerListener.log CATALINA_HOME:         D:\apache-tomcat-8.0.35
31-Aug-2016 14:08:26.486 INFO [main] org.apache.catalina.startup.VersionLoggerListener.log Command line argument: -Djava.util.logging.config.file=D:/apache-tomcat-8.0.35/conf/logging.properties
31-Aug-2016 14:08:26.486 INFO [main] org.apache.catalina.startup.VersionLoggerListener.log Command line argument: -Djava.util.logging.manager=org.apache.juli.ClassLoaderLogManager
31-Aug-2016 14:08:26.486 INFO [main] org.apache.catalina.startup.VersionLoggerListener.log Command line argument: -Djdk.tls.ephemeralDHKeySize=2048
31-Aug-2016 14:08:26.486 INFO [main] org.apache.catalina.startup.VersionLoggerListener.log Command line argument: -Djava.endorsed.dirs=D:/apache-tomcat-8.0.35/endorsed
31-Aug-2016 14:08:26.486 INFO [main] org.apache.catalina.startup.VersionLoggerListener.log Command line argument: -Dcatalina.base=D:/apache-tomcat-8.0.35
31-Aug-2016 14:08:26.486 INFO [main] org.apache.catalina.startup.VersionLoggerListener.log Command line argument: -Dcatalina.home=D:/apache-tomcat-8.0.35
31-Aug-2016 14:08:26.504 INFO [main] org.apache.catalina.startup.VersionLoggerListener.log Command line argument: -Djava.io.tmpdir=D:/apache-tomcat-8.0.35/temp
31-Aug-2016 14:08:26.504 INFO [main] org.apache.catalina.core.AprLifecycleListener.lifecycleEvent Loaded APR based Apache Tomcat Native library 1.2.7 using APR version 1.5.2.
31-Aug-2016 14:08:26.504 INFO [main] org.apache.catalina.core.AprLifecycleListener.lifecycleEvent APR capabilities: IPv6 [true], sendfile [true], accept filters [false], random [true].
31-Aug-2016 14:08:27.007 INFO [main] org.apache.catalina.core.AprLifecycleListener.initializeSSL OpenSSL successfully initialized (OpenSSL 1.0.2h  3 May 2016)
31-Aug-2016 14:08:27.102 INFO [main] org.apache.coyote.AbstractProtocol.init Initializing ProtocolHandler ["http-apr-8080"]
31-Aug-2016 14:08:27.139 SEVERE [main] org.apache.coyote.AbstractProtocol.init Failed to initialize end point associated with ProtocolHandler ["http-apr-8080"]
 java.lang.Exception: Socket bind failed: [730048] ?????????б┴???(з┐?иж/???????/???)????ик??
	at org.apache.tomcat.util.net.AprEndpoint.bind(AprEndpoint.java:471)
	at org.apache.tomcat.util.net.AbstractEndpoint.init(AbstractEndpoint.java:748)
	at org.apache.coyote.AbstractProtocol.init(AbstractProtocol.java:459)
	at org.apache.catalina.connector.Connector.initInternal(Connector.java:960)
	at org.apache.catalina.util.LifecycleBase.init(LifecycleBase.java:102)
	at org.apache.catalina.core.StandardService.initInternal(StandardService.java:568)
	at org.apache.catalina.util.LifecycleBase.init(LifecycleBase.java:102)
	at org.apache.catalina.core.StandardServer.initInternal(StandardServer.java:869)
	at org.apache.catalina.util.LifecycleBase.init(LifecycleBase.java:102)
	at org.apache.catalina.startup.Catalina.load(Catalina.java:580)
	at org.apache.catalina.startup.Catalina.load(Catalina.java:603)
	at sun.reflect.NativeMethodAccessorImpl.invoke0(Native Method)
	at sun.reflect.NativeMethodAccessorImpl.invoke(Unknown Source)
	at sun.reflect.DelegatingMethodAccessorImpl.invoke(Unknown Source)
	at java.lang.reflect.Method.invoke(Unknown Source)
	at org.apache.catalina.startup.Bootstrap.load(Bootstrap.java:310)
	at org.apache.catalina.startup.Bootstrap.main(Bootstrap.java:484)

31-Aug-2016 14:08:27.156 SEVERE [main] org.apache.catalina.core.StandardService.initInternal Failed to initialize connector [Connector[HTTP/1.1-8080]]
 org.apache.catalina.LifecycleException: Failed to initialize component [Connector[HTTP/1.1-8080]]
	at org.apache.catalina.util.LifecycleBase.init(LifecycleBase.java:106)
	at org.apache.catalina.core.StandardService.initInternal(StandardService.java:568)
	at org.apache.catalina.util.LifecycleBase.init(LifecycleBase.java:102)
	at org.apache.catalina.core.StandardServer.initInternal(StandardServer.java:869)
	at org.apache.catalina.util.LifecycleBase.init(LifecycleBase.java:102)
	at org.apache.catalina.startup.Catalina.load(Catalina.java:580)
	at org.apache.catalina.startup.Catalina.load(Catalina.java:603)
	at sun.reflect.NativeMethodAccessorImpl.invoke0(Native Method)
	at sun.reflect.NativeMethodAccessorImpl.invoke(Unknown Source)
	at sun.reflect.DelegatingMethodAccessorImpl.invoke(Unknown Source)
	at java.lang.reflect.Method.invoke(Unknown Source)
	at org.apache.catalina.startup.Bootstrap.load(Bootstrap.java:310)
	at org.apache.catalina.startup.Bootstrap.main(Bootstrap.java:484)
Caused by: org.apache.catalina.LifecycleException: Protocol handler initialization failed
	at org.apache.catalina.connector.Connector.initInternal(Connector.java:962)
	at org.apache.catalina.util.LifecycleBase.init(LifecycleBase.java:102)
	... 12 more
Caused by: java.lang.Exception: Socket bind failed: [730048] ?????????б┴???(з┐?иж/???????/???)????ик??
	at org.apache.tomcat.util.net.AprEndpoint.bind(AprEndpoint.java:471)
	at org.apache.tomcat.util.net.AbstractEndpoint.init(AbstractEndpoint.java:748)
	at org.apache.coyote.AbstractProtocol.init(AbstractProtocol.java:459)
	at org.apache.catalina.connector.Connector.initInternal(Connector.java:960)
	... 13 more

31-Aug-2016 14:08:27.157 INFO [main] org.apache.coyote.AbstractProtocol.init Initializing ProtocolHandler ["ajp-apr-8009"]
31-Aug-2016 14:08:27.158 SEVERE [main] org.apache.coyote.AbstractProtocol.init Failed to initialize end point associated with ProtocolHandler ["ajp-apr-8009"]
 java.lang.Exception: Socket bind failed: [730048] ?????????б┴???(з┐?иж/???????/???)????ик??
	at org.apache.tomcat.util.net.AprEndpoint.bind(AprEndpoint.java:471)
	at org.apache.tomcat.util.net.AbstractEndpoint.init(AbstractEndpoint.java:748)
	at org.apache.coyote.AbstractProtocol.init(AbstractProtocol.java:459)
	at org.apache.catalina.connector.Connector.initInternal(Connector.java:960)
	at org.apache.catalina.util.LifecycleBase.init(LifecycleBase.java:102)
	at org.apache.catalina.core.StandardService.initInternal(StandardService.java:568)
	at org.apache.catalina.util.LifecycleBase.init(LifecycleBase.java:102)
	at org.apache.catalina.core.StandardServer.initInternal(StandardServer.java:869)
	at org.apache.catalina.util.LifecycleBase.init(LifecycleBase.java:102)
	at org.apache.catalina.startup.Catalina.load(Catalina.java:580)
	at org.apache.catalina.startup.Catalina.load(Catalina.java:603)
	at sun.reflect.NativeMethodAccessorImpl.invoke0(Native Method)
	at sun.reflect.NativeMethodAccessorImpl.invoke(Unknown Source)
	at sun.reflect.DelegatingMethodAccessorImpl.invoke(Unknown Source)
	at java.lang.reflect.Method.invoke(Unknown Source)
	at org.apache.catalina.startup.Bootstrap.load(Bootstrap.java:310)
	at org.apache.catalina.startup.Bootstrap.main(Bootstrap.java:484)

31-Aug-2016 14:08:27.158 SEVERE [main] org.apache.catalina.core.StandardService.initInternal Failed to initialize connector [Connector[AJP/1.3-8009]]
 org.apache.catalina.LifecycleException: Failed to initialize component [Connector[AJP/1.3-8009]]
	at org.apache.catalina.util.LifecycleBase.init(LifecycleBase.java:106)
	at org.apache.catalina.core.StandardService.initInternal(StandardService.java:568)
	at org.apache.catalina.util.LifecycleBase.init(LifecycleBase.java:102)
	at org.apache.catalina.core.StandardServer.initInternal(StandardServer.java:869)
	at org.apache.catalina.util.LifecycleBase.init(LifecycleBase.java:102)
	at org.apache.catalina.startup.Catalina.load(Catalina.java:580)
	at org.apache.catalina.startup.Catalina.load(Catalina.java:603)
	at sun.reflect.NativeMethodAccessorImpl.invoke0(Native Method)
	at sun.reflect.NativeMethodAccessorImpl.invoke(Unknown Source)
	at sun.reflect.DelegatingMethodAccessorImpl.invoke(Unknown Source)
	at java.lang.reflect.Method.invoke(Unknown Source)
	at org.apache.catalina.startup.Bootstrap.load(Bootstrap.java:310)
	at org.apache.catalina.startup.Bootstrap.main(Bootstrap.java:484)
Caused by: org.apache.catalina.LifecycleException: Protocol handler initialization failed
	at org.apache.catalina.connector.Connector.initInternal(Connector.java:962)
	at org.apache.catalina.util.LifecycleBase.init(LifecycleBase.java:102)
	... 12 more
Caused by: java.lang.Exception: Socket bind failed: [730048] ?????????б┴???(з┐?иж/???????/???)????ик??
	at org.apache.tomcat.util.net.AprEndpoint.bind(AprEndpoint.java:471)
	at org.apache.tomcat.util.net.AbstractEndpoint.init(AbstractEndpoint.java:748)
	at org.apache.coyote.AbstractProtocol.init(AbstractProtocol.java:459)
	at org.apache.catalina.connector.Connector.initInternal(Connector.java:960)
	... 13 more

31-Aug-2016 14:08:27.159 INFO [main] org.apache.catalina.startup.Catalina.load Initialization processed in 950 ms
31-Aug-2016 14:08:27.180 INFO [main] org.apache.catalina.core.StandardService.startInternal Starting service Catalina
31-Aug-2016 14:08:27.180 INFO [main] org.apache.catalina.core.StandardEngine.startInternal Starting Servlet Engine: Apache Tomcat/8.0.35
31-Aug-2016 14:08:27.187 INFO [localhost-startStop-1] org.apache.catalina.startup.HostConfig.deployDirectory Deploying web application directory D:\apache-tomcat-8.0.35\webapps\22canvas
31-Aug-2016 14:08:27.452 INFO [localhost-startStop-1] org.apache.catalina.startup.HostConfig.deployDirectory Deployment of web application directory D:\apache-tomcat-8.0.35\webapps\22canvas has finished in 265 ms
31-Aug-2016 14:08:27.452 INFO [localhost-startStop-1] org.apache.catalina.startup.HostConfig.deployDirectory Deploying web application directory D:\apache-tomcat-8.0.35\webapps\docs
31-Aug-2016 14:08:27.467 INFO [localhost-startStop-1] org.apache.catalina.startup.HostConfig.deployDirectory Deployment of web application directory D:\apache-tomcat-8.0.35\webapps\docs has finished in 15 ms
31-Aug-2016 14:08:27.468 INFO [localhost-startStop-1] org.apache.catalina.startup.HostConfig.deployDirectory Deploying web application directory D:\apache-tomcat-8.0.35\webapps\examples
31-Aug-2016 14:08:27.756 INFO [localhost-startStop-1] org.apache.catalina.startup.HostConfig.deployDirectory Deployment of web application directory D:\apache-tomcat-8.0.35\webapps\examples has finished in 288 ms
31-Aug-2016 14:08:27.756 INFO [localhost-startStop-1] org.apache.catalina.startup.HostConfig.deployDirectory Deploying web application directory D:\apache-tomcat-8.0.35\webapps\host-manager
31-Aug-2016 14:08:27.792 INFO [localhost-startStop-1] org.apache.catalina.startup.HostConfig.deployDirectory Deployment of web application directory D:\apache-tomcat-8.0.35\webapps\host-manager has finished in 36 ms
31-Aug-2016 14:08:27.792 INFO [localhost-startStop-1] org.apache.catalina.startup.HostConfig.deployDirectory Deploying web application directory D:\apache-tomcat-8.0.35\webapps\manager
31-Aug-2016 14:08:27.812 INFO [localhost-startStop-1] org.apache.catalina.startup.HostConfig.deployDirectory Deployment of web application directory D:\apache-tomcat-8.0.35\webapps\manager has finished in 20 ms
31-Aug-2016 14:08:27.812 INFO [localhost-startStop-1] org.apache.catalina.startup.HostConfig.deployDirectory Deploying web application directory D:\apache-tomcat-8.0.35\webapps\portal
31-Aug-2016 14:08:27.832 INFO [localhost-startStop-1] org.apache.catalina.startup.HostConfig.deployDirectory Deployment of web application directory D:\apache-tomcat-8.0.35\webapps\portal has finished in 20 ms
31-Aug-2016 14:08:27.833 INFO [localhost-startStop-1] org.apache.catalina.startup.HostConfig.deployDirectory Deploying web application directory D:\apache-tomcat-8.0.35\webapps\ROOT
31-Aug-2016 14:08:27.848 INFO [localhost-startStop-1] org.apache.catalina.startup.HostConfig.deployDirectory Deployment of web application directory D:\apache-tomcat-8.0.35\webapps\ROOT has finished in 15 ms
31-Aug-2016 14:08:27.848 INFO [localhost-startStop-1] org.apache.catalina.startup.HostConfig.deployDirectory Deploying web application directory D:\apache-tomcat-8.0.35\webapps\tenant
31-Aug-2016 14:08:27.865 INFO [localhost-startStop-1] org.apache.catalina.startup.HostConfig.deployDirectory Deployment of web application directory D:\apache-tomcat-8.0.35\webapps\tenant has finished in 17 ms
31-Aug-2016 14:08:27.867 INFO [main] org.apache.catalina.startup.Catalina.start Server startup in 708 ms
31-Aug-2016 14:08:27.889 SEVERE [main] org.apache.catalina.core.StandardServer.await StandardServer.await: create[localhost:8005]: 
 java.net.BindException: Address already in use: JVM_Bind
	at java.net.DualStackPlainSocketImpl.bind0(Native Method)
	at java.net.DualStackPlainSocketImpl.socketBind(Unknown Source)
	at java.net.AbstractPlainSocketImpl.bind(Unknown Source)
	at java.net.PlainSocketImpl.bind(Unknown Source)
	at java.net.ServerSocket.bind(Unknown Source)
	at java.net.ServerSocket.<init>(Unknown Source)
	at org.apache.catalina.core.StandardServer.await(StandardServer.java:438)
	at org.apache.catalina.startup.Catalina.await(Catalina.java:717)
	at org.apache.catalina.startup.Catalina.start(Catalina.java:663)
	at sun.reflect.NativeMethodAccessorImpl.invoke0(Native Method)
	at sun.reflect.NativeMethodAccessorImpl.invoke(Unknown Source)
	at sun.reflect.DelegatingMethodAccessorImpl.invoke(Unknown Source)
	at java.lang.reflect.Method.invoke(Unknown Source)
	at org.apache.catalina.startup.Bootstrap.start(Bootstrap.java:351)
	at org.apache.catalina.startup.Bootstrap.main(Bootstrap.java:485)

31-Aug-2016 14:08:27.889 INFO [main] org.apache.coyote.AbstractProtocol.pause Pausing ProtocolHandler ["http-apr-8080"]
31-Aug-2016 14:08:27.889 INFO [main] org.apache.coyote.AbstractProtocol.pause Pausing ProtocolHandler ["ajp-apr-8009"]
31-Aug-2016 14:08:27.889 INFO [main] org.apache.catalina.core.StandardService.stopInternal Stopping service Catalina
31-Aug-2016 14:08:27.949 INFO [main] org.apache.coyote.AbstractProtocol.stop Stopping ProtocolHandler ["http-apr-8080"]
31-Aug-2016 14:08:27.949 INFO [main] org.apache.coyote.AbstractProtocol.destroy Destroying ProtocolHandler ["http-apr-8080"]
31-Aug-2016 14:08:27.949 INFO [main] org.apache.coyote.AbstractProtocol.stop Stopping ProtocolHandler ["ajp-apr-8009"]
31-Aug-2016 14:08:27.949 INFO [main] org.apache.coyote.AbstractProtocol.destroy Destroying ProtocolHandler ["ajp-apr-8009"]
31-Aug-2016 14:10:29.379 INFO [main] org.apache.catalina.startup.VersionLoggerListener.log Server version:        Apache Tomcat/8.0.35
31-Aug-2016 14:10:29.380 INFO [main] org.apache.catalina.startup.VersionLoggerListener.log Server built:          May 11 2016 21:57:08 UTC
31-Aug-2016 14:10:29.381 INFO [main] org.apache.catalina.startup.VersionLoggerListener.log Server number:         8.0.35.0
31-Aug-2016 14:10:29.381 INFO [main] org.apache.catalina.startup.VersionLoggerListener.log OS Name:               Windows 8.1
31-Aug-2016 14:10:29.381 INFO [main] org.apache.catalina.startup.VersionLoggerListener.log OS Version:            6.3
31-Aug-2016 14:10:29.381 INFO [main] org.apache.catalina.startup.VersionLoggerListener.log Architecture:          amd64
31-Aug-2016 14:10:29.381 INFO [main] org.apache.catalina.startup.VersionLoggerListener.log Java Home:             D:\Program Files\Java\jdk1.8.0_51
31-Aug-2016 14:10:29.381 INFO [main] org.apache.catalina.startup.VersionLoggerListener.log JVM Version:           1.8.0_51-b16
31-Aug-2016 14:10:29.381 INFO [main] org.apache.catalina.startup.VersionLoggerListener.log JVM Vendor:            Oracle Corporation
31-Aug-2016 14:10:29.381 INFO [main] org.apache.catalina.startup.VersionLoggerListener.log CATALINA_BASE:         D:\apache-tomcat-8.0.35
31-Aug-2016 14:10:29.381 INFO [main] org.apache.catalina.startup.VersionLoggerListener.log CATALINA_HOME:         D:\apache-tomcat-8.0.35
31-Aug-2016 14:10:29.382 INFO [main] org.apache.catalina.startup.VersionLoggerListener.log Command line argument: -Djava.util.logging.config.file=D:/apache-tomcat-8.0.35/conf/logging.properties
31-Aug-2016 14:10:29.382 INFO [main] org.apache.catalina.startup.VersionLoggerListener.log Command line argument: -Djava.util.logging.manager=org.apache.juli.ClassLoaderLogManager
31-Aug-2016 14:10:29.382 INFO [main] org.apache.catalina.startup.VersionLoggerListener.log Command line argument: -Djdk.tls.ephemeralDHKeySize=2048
31-Aug-2016 14:10:29.382 INFO [main] org.apache.catalina.startup.VersionLoggerListener.log Command line argument: -Djava.endorsed.dirs=D:/apache-tomcat-8.0.35/endorsed
31-Aug-2016 14:10:29.382 INFO [main] org.apache.catalina.startup.VersionLoggerListener.log Command line argument: -Dcatalina.base=D:/apache-tomcat-8.0.35
31-Aug-2016 14:10:29.382 INFO [main] org.apache.catalina.startup.VersionLoggerListener.log Command line argument: -Dcatalina.home=D:/apache-tomcat-8.0.35
31-Aug-2016 14:10:29.382 INFO [main] org.apache.catalina.startup.VersionLoggerListener.log Command line argument: -Djava.io.tmpdir=D:/apache-tomcat-8.0.35/temp
31-Aug-2016 14:10:29.382 INFO [main] org.apache.catalina.core.AprLifecycleListener.lifecycleEvent Loaded APR based Apache Tomcat Native library 1.2.7 using APR version 1.5.2.
31-Aug-2016 14:10:29.382 INFO [main] org.apache.catalina.core.AprLifecycleListener.lifecycleEvent APR capabilities: IPv6 [true], sendfile [true], accept filters [false], random [true].
31-Aug-2016 14:10:29.905 INFO [main] org.apache.catalina.core.AprLifecycleListener.initializeSSL OpenSSL successfully initialized (OpenSSL 1.0.2h  3 May 2016)
31-Aug-2016 14:10:30.006 INFO [main] org.apache.coyote.AbstractProtocol.init Initializing ProtocolHandler ["http-apr-8080"]
31-Aug-2016 14:10:30.006 SEVERE [main] org.apache.coyote.AbstractProtocol.init Failed to initialize end point associated with ProtocolHandler ["http-apr-8080"]
 java.lang.Exception: Socket bind failed: [730048] ?????????б┴???(з┐?иж/???????/???)????ик??
	at org.apache.tomcat.util.net.AprEndpoint.bind(AprEndpoint.java:471)
	at org.apache.tomcat.util.net.AbstractEndpoint.init(AbstractEndpoint.java:748)
	at org.apache.coyote.AbstractProtocol.init(AbstractProtocol.java:459)
	at org.apache.catalina.connector.Connector.initInternal(Connector.java:960)
	at org.apache.catalina.util.LifecycleBase.init(LifecycleBase.java:102)
	at org.apache.catalina.core.StandardService.initInternal(StandardService.java:568)
	at org.apache.catalina.util.LifecycleBase.init(LifecycleBase.java:102)
	at org.apache.catalina.core.StandardServer.initInternal(StandardServer.java:869)
	at org.apache.catalina.util.LifecycleBase.init(LifecycleBase.java:102)
	at org.apache.catalina.startup.Catalina.load(Catalina.java:580)
	at org.apache.catalina.startup.Catalina.load(Catalina.java:603)
	at sun.reflect.NativeMethodAccessorImpl.invoke0(Native Method)
	at sun.reflect.NativeMethodAccessorImpl.invoke(Unknown Source)
	at sun.reflect.DelegatingMethodAccessorImpl.invoke(Unknown Source)
	at java.lang.reflect.Method.invoke(Unknown Source)
	at org.apache.catalina.startup.Bootstrap.load(Bootstrap.java:310)
	at org.apache.catalina.startup.Bootstrap.main(Bootstrap.java:484)

31-Aug-2016 14:10:30.006 SEVERE [main] org.apache.catalina.core.StandardService.initInternal Failed to initialize connector [Connector[HTTP/1.1-8080]]
 org.apache.catalina.LifecycleException: Failed to initialize component [Connector[HTTP/1.1-8080]]
	at org.apache.catalina.util.LifecycleBase.init(LifecycleBase.java:106)
	at org.apache.catalina.core.StandardService.initInternal(StandardService.java:568)
	at org.apache.catalina.util.LifecycleBase.init(LifecycleBase.java:102)
	at org.apache.catalina.core.StandardServer.initInternal(StandardServer.java:869)
	at org.apache.catalina.util.LifecycleBase.init(LifecycleBase.java:102)
	at org.apache.catalina.startup.Catalina.load(Catalina.java:580)
	at org.apache.catalina.startup.Catalina.load(Catalina.java:603)
	at sun.reflect.NativeMethodAccessorImpl.invoke0(Native Method)
	at sun.reflect.NativeMethodAccessorImpl.invoke(Unknown Source)
	at sun.reflect.DelegatingMethodAccessorImpl.invoke(Unknown Source)
	at java.lang.reflect.Method.invoke(Unknown Source)
	at org.apache.catalina.startup.Bootstrap.load(Bootstrap.java:310)
	at org.apache.catalina.startup.Bootstrap.main(Bootstrap.java:484)
Caused by: org.apache.catalina.LifecycleException: Protocol handler initialization failed
	at org.apache.catalina.connector.Connector.initInternal(Connector.java:962)
	at org.apache.catalina.util.LifecycleBase.init(LifecycleBase.java:102)
	... 12 more
Caused by: java.lang.Exception: Socket bind failed: [730048] ?????????б┴???(з┐?иж/???????/???)????ик??
	at org.apache.tomcat.util.net.AprEndpoint.bind(AprEndpoint.java:471)
	at org.apache.tomcat.util.net.AbstractEndpoint.init(AbstractEndpoint.java:748)
	at org.apache.coyote.AbstractProtocol.init(AbstractProtocol.java:459)
	at org.apache.catalina.connector.Connector.initInternal(Connector.java:960)
	... 13 more

31-Aug-2016 14:10:30.006 INFO [main] org.apache.coyote.AbstractProtocol.init Initializing ProtocolHandler ["ajp-apr-8009"]
31-Aug-2016 14:10:30.006 SEVERE [main] org.apache.coyote.AbstractProtocol.init Failed to initialize end point associated with ProtocolHandler ["ajp-apr-8009"]
 java.lang.Exception: Socket bind failed: [730048] ?????????б┴???(з┐?иж/???????/???)????ик??
	at org.apache.tomcat.util.net.AprEndpoint.bind(AprEndpoint.java:471)
	at org.apache.tomcat.util.net.AbstractEndpoint.init(AbstractEndpoint.java:748)
	at org.apache.coyote.AbstractProtocol.init(AbstractProtocol.java:459)
	at org.apache.catalina.connector.Connector.initInternal(Connector.java:960)
	at org.apache.catalina.util.LifecycleBase.init(LifecycleBase.java:102)
	at org.apache.catalina.core.StandardService.initInternal(StandardService.java:568)
	at org.apache.catalina.util.LifecycleBase.init(LifecycleBase.java:102)
	at org.apache.catalina.core.StandardServer.initInternal(StandardServer.java:869)
	at org.apache.catalina.util.LifecycleBase.init(LifecycleBase.java:102)
	at org.apache.catalina.startup.Catalina.load(Catalina.java:580)
	at org.apache.catalina.startup.Catalina.load(Catalina.java:603)
	at sun.reflect.NativeMethodAccessorImpl.invoke0(Native Method)
	at sun.reflect.NativeMethodAccessorImpl.invoke(Unknown Source)
	at sun.reflect.DelegatingMethodAccessorImpl.invoke(Unknown Source)
	at java.lang.reflect.Method.invoke(Unknown Source)
	at org.apache.catalina.startup.Bootstrap.load(Bootstrap.java:310)
	at org.apache.catalina.startup.Bootstrap.main(Bootstrap.java:484)

31-Aug-2016 14:10:30.006 SEVERE [main] org.apache.catalina.core.StandardService.initInternal Failed to initialize connector [Connector[AJP/1.3-8009]]
 org.apache.catalina.LifecycleException: Failed to initialize component [Connector[AJP/1.3-8009]]
	at org.apache.catalina.util.LifecycleBase.init(LifecycleBase.java:106)
	at org.apache.catalina.core.StandardService.initInternal(StandardService.java:568)
	at org.apache.catalina.util.LifecycleBase.init(LifecycleBase.java:102)
	at org.apache.catalina.core.StandardServer.initInternal(StandardServer.java:869)
	at org.apache.catalina.util.LifecycleBase.init(LifecycleBase.java:102)
	at org.apache.catalina.startup.Catalina.load(Catalina.java:580)
	at org.apache.catalina.startup.Catalina.load(Catalina.java:603)
	at sun.reflect.NativeMethodAccessorImpl.invoke0(Native Method)
	at sun.reflect.NativeMethodAccessorImpl.invoke(Unknown Source)
	at sun.reflect.DelegatingMethodAccessorImpl.invoke(Unknown Source)
	at java.lang.reflect.Method.invoke(Unknown Source)
	at org.apache.catalina.startup.Bootstrap.load(Bootstrap.java:310)
	at org.apache.catalina.startup.Bootstrap.main(Bootstrap.java:484)
Caused by: org.apache.catalina.LifecycleException: Protocol handler initialization failed
	at org.apache.catalina.connector.Connector.initInternal(Connector.java:962)
	at org.apache.catalina.util.LifecycleBase.init(LifecycleBase.java:102)
	... 12 more
Caused by: java.lang.Exception: Socket bind failed: [730048] ?????????б┴???(з┐?иж/???????/???)????ик??
	at org.apache.tomcat.util.net.AprEndpoint.bind(AprEndpoint.java:471)
	at org.apache.tomcat.util.net.AbstractEndpoint.init(AbstractEndpoint.java:748)
	at org.apache.coyote.AbstractProtocol.init(AbstractProtocol.java:459)
	at org.apache.catalina.connector.Connector.initInternal(Connector.java:960)
	... 13 more

31-Aug-2016 14:10:30.006 INFO [main] org.apache.catalina.startup.Catalina.load Initialization processed in 913 ms
31-Aug-2016 14:10:30.037 INFO [main] org.apache.catalina.core.StandardService.startInternal Starting service Catalina
31-Aug-2016 14:10:30.037 INFO [main] org.apache.catalina.core.StandardEngine.startInternal Starting Servlet Engine: Apache Tomcat/8.0.35
31-Aug-2016 14:10:30.037 INFO [localhost-startStop-1] org.apache.catalina.startup.HostConfig.deployDirectory Deploying web application directory D:\apache-tomcat-8.0.35\webapps\22canvas
31-Aug-2016 14:10:30.290 INFO [localhost-startStop-1] org.apache.catalina.startup.HostConfig.deployDirectory Deployment of web application directory D:\apache-tomcat-8.0.35\webapps\22canvas has finished in 253 ms
31-Aug-2016 14:10:30.290 INFO [localhost-startStop-1] org.apache.catalina.startup.HostConfig.deployDirectory Deploying web application directory D:\apache-tomcat-8.0.35\webapps\docs
31-Aug-2016 14:10:30.306 INFO [localhost-startStop-1] org.apache.catalina.startup.HostConfig.deployDirectory Deployment of web application directory D:\apache-tomcat-8.0.35\webapps\docs has finished in 16 ms
31-Aug-2016 14:10:30.306 INFO [localhost-startStop-1] org.apache.catalina.startup.HostConfig.deployDirectory Deploying web application directory D:\apache-tomcat-8.0.35\webapps\examples
31-Aug-2016 14:10:30.491 INFO [localhost-startStop-1] org.apache.catalina.startup.HostConfig.deployDirectory Deployment of web application directory D:\apache-tomcat-8.0.35\webapps\examples has finished in 185 ms
31-Aug-2016 14:10:30.491 INFO [localhost-startStop-1] org.apache.catalina.startup.HostConfig.deployDirectory Deploying web application directory D:\apache-tomcat-8.0.35\webapps\host-manager
31-Aug-2016 14:10:30.522 INFO [localhost-startStop-1] org.apache.catalina.startup.HostConfig.deployDirectory Deployment of web application directory D:\apache-tomcat-8.0.35\webapps\host-manager has finished in 31 ms
31-Aug-2016 14:10:30.522 INFO [localhost-startStop-1] org.apache.catalina.startup.HostConfig.deployDirectory Deploying web application directory D:\apache-tomcat-8.0.35\webapps\manager
31-Aug-2016 14:10:30.538 INFO [localhost-startStop-1] org.apache.catalina.startup.HostConfig.deployDirectory Deployment of web application directory D:\apache-tomcat-8.0.35\webapps\manager has finished in 16 ms
31-Aug-2016 14:10:30.553 INFO [localhost-startStop-1] org.apache.catalina.startup.HostConfig.deployDirectory Deploying web application directory D:\apache-tomcat-8.0.35\webapps\portal
31-Aug-2016 14:10:30.553 INFO [localhost-startStop-1] org.apache.catalina.startup.HostConfig.deployDirectory Deployment of web application directory D:\apache-tomcat-8.0.35\webapps\portal has finished in 0 ms
31-Aug-2016 14:10:30.553 INFO [localhost-startStop-1] org.apache.catalina.startup.HostConfig.deployDirectory Deploying web application directory D:\apache-tomcat-8.0.35\webapps\ROOT
31-Aug-2016 14:10:30.569 INFO [localhost-startStop-1] org.apache.catalina.startup.HostConfig.deployDirectory Deployment of web application directory D:\apache-tomcat-8.0.35\webapps\ROOT has finished in 16 ms
31-Aug-2016 14:10:30.569 INFO [localhost-startStop-1] org.apache.catalina.startup.HostConfig.deployDirectory Deploying web application directory D:\apache-tomcat-8.0.35\webapps\tenant
31-Aug-2016 14:10:30.591 INFO [localhost-startStop-1] org.apache.catalina.startup.HostConfig.deployDirectory Deployment of web application directory D:\apache-tomcat-8.0.35\webapps\tenant has finished in 22 ms
31-Aug-2016 14:10:30.591 INFO [main] org.apache.catalina.startup.Catalina.start Server startup in 578 ms
31-Aug-2016 14:10:30.591 SEVERE [main] org.apache.catalina.core.StandardServer.await StandardServer.await: create[localhost:8005]: 
 java.net.BindException: Address already in use: JVM_Bind
	at java.net.DualStackPlainSocketImpl.bind0(Native Method)
	at java.net.DualStackPlainSocketImpl.socketBind(Unknown Source)
	at java.net.AbstractPlainSocketImpl.bind(Unknown Source)
	at java.net.PlainSocketImpl.bind(Unknown Source)
	at java.net.ServerSocket.bind(Unknown Source)
	at java.net.ServerSocket.<init>(Unknown Source)
	at org.apache.catalina.core.StandardServer.await(StandardServer.java:438)
	at org.apache.catalina.startup.Catalina.await(Catalina.java:717)
	at org.apache.catalina.startup.Catalina.start(Catalina.java:663)
	at sun.reflect.NativeMethodAccessorImpl.invoke0(Native Method)
	at sun.reflect.NativeMethodAccessorImpl.invoke(Unknown Source)
	at sun.reflect.DelegatingMethodAccessorImpl.invoke(Unknown Source)
	at java.lang.reflect.Method.invoke(Unknown Source)
	at org.apache.catalina.startup.Bootstrap.start(Bootstrap.java:351)
	at org.apache.catalina.startup.Bootstrap.main(Bootstrap.java:485)

31-Aug-2016 14:10:30.591 INFO [main] org.apache.coyote.AbstractProtocol.pause Pausing ProtocolHandler ["http-apr-8080"]
31-Aug-2016 14:10:30.591 INFO [main] org.apache.coyote.AbstractProtocol.pause Pausing ProtocolHandler ["ajp-apr-8009"]
31-Aug-2016 14:10:30.591 INFO [main] org.apache.catalina.core.StandardService.stopInternal Stopping service Catalina
31-Aug-2016 14:10:30.623 INFO [1] org.apache.coyote.AbstractProtocol.stop Stopping ProtocolHandler ["http-apr-8080"]
31-Aug-2016 14:10:30.623 INFO [1] org.apache.coyote.AbstractProtocol.destroy Destroying ProtocolHandler ["http-apr-8080"]
31-Aug-2016 14:10:30.623 INFO [1] org.apache.coyote.AbstractProtocol.stop Stopping ProtocolHandler ["ajp-apr-8009"]
31-Aug-2016 14:10:30.623 INFO [1] org.apache.coyote.AbstractProtocol.destroy Destroying ProtocolHandler ["ajp-apr-8009"]
31-Aug-2016 14:11:10.716 INFO [main] org.apache.catalina.startup.VersionLoggerListener.log Server version:        Apache Tomcat/8.0.35
31-Aug-2016 14:11:10.718 INFO [main] org.apache.catalina.startup.VersionLoggerListener.log Server built:          May 11 2016 21:57:08 UTC
31-Aug-2016 14:11:10.718 INFO [main] org.apache.catalina.startup.VersionLoggerListener.log Server number:         8.0.35.0
31-Aug-2016 14:11:10.718 INFO [main] org.apache.catalina.startup.VersionLoggerListener.log OS Name:               Windows 8.1
31-Aug-2016 14:11:10.718 INFO [main] org.apache.catalina.startup.VersionLoggerListener.log OS Version:            6.3
31-Aug-2016 14:11:10.718 INFO [main] org.apache.catalina.startup.VersionLoggerListener.log Architecture:          amd64
31-Aug-2016 14:11:10.718 INFO [main] org.apache.catalina.startup.VersionLoggerListener.log Java Home:             D:\Program Files\Java\jdk1.8.0_51
31-Aug-2016 14:11:10.719 INFO [main] org.apache.catalina.startup.VersionLoggerListener.log JVM Version:           1.8.0_51-b16
31-Aug-2016 14:11:10.719 INFO [main] org.apache.catalina.startup.VersionLoggerListener.log JVM Vendor:            Oracle Corporation
31-Aug-2016 14:11:10.719 INFO [main] org.apache.catalina.startup.VersionLoggerListener.log CATALINA_BASE:         D:\apache-tomcat-8.0.35
31-Aug-2016 14:11:10.719 INFO [main] org.apache.catalina.startup.VersionLoggerListener.log CATALINA_HOME:         D:\apache-tomcat-8.0.35
31-Aug-2016 14:11:10.719 INFO [main] org.apache.catalina.startup.VersionLoggerListener.log Command line argument: -Djdk.tls.ephemeralDHKeySize=2048
31-Aug-2016 14:11:10.719 INFO [main] org.apache.catalina.startup.VersionLoggerListener.log Command line argument: -Djava.util.logging.config.file=D:\apache-tomcat-8.0.35\conf\logging.properties
31-Aug-2016 14:11:10.720 INFO [main] org.apache.catalina.startup.VersionLoggerListener.log Command line argument: -Djava.util.logging.manager=org.apache.juli.ClassLoaderLogManager
31-Aug-2016 14:11:10.721 INFO [main] org.apache.catalina.startup.VersionLoggerListener.log Command line argument: -Djava.endorsed.dirs=D:\apache-tomcat-8.0.35\endorsed
31-Aug-2016 14:11:10.723 INFO [main] org.apache.catalina.startup.VersionLoggerListener.log Command line argument: -Dcatalina.base=D:\apache-tomcat-8.0.35
31-Aug-2016 14:11:10.723 INFO [main] org.apache.catalina.startup.VersionLoggerListener.log Command line argument: -Dcatalina.home=D:\apache-tomcat-8.0.35
31-Aug-2016 14:11:10.724 INFO [main] org.apache.catalina.startup.VersionLoggerListener.log Command line argument: -Djava.io.tmpdir=D:\apache-tomcat-8.0.35\temp
31-Aug-2016 14:11:10.725 INFO [main] org.apache.catalina.core.AprLifecycleListener.lifecycleEvent Loaded APR based Apache Tomcat Native library 1.2.7 using APR version 1.5.2.
31-Aug-2016 14:11:10.726 INFO [main] org.apache.catalina.core.AprLifecycleListener.lifecycleEvent APR capabilities: IPv6 [true], sendfile [true], accept filters [false], random [true].
31-Aug-2016 14:11:11.242 INFO [main] org.apache.catalina.core.AprLifecycleListener.initializeSSL OpenSSL successfully initialized (OpenSSL 1.0.2h  3 May 2016)
31-Aug-2016 14:11:11.330 INFO [main] org.apache.coyote.AbstractProtocol.init Initializing ProtocolHandler ["http-apr-8080"]
31-Aug-2016 14:11:11.337 INFO [main] org.apache.coyote.AbstractProtocol.init Initializing ProtocolHandler ["ajp-apr-8009"]
31-Aug-2016 14:11:11.338 INFO [main] org.apache.catalina.startup.Catalina.load Initialization processed in 895 ms
31-Aug-2016 14:11:11.360 INFO [main] org.apache.catalina.core.StandardService.startInternal Starting service Catalina
31-Aug-2016 14:11:11.361 INFO [main] org.apache.catalina.core.StandardEngine.startInternal Starting Servlet Engine: Apache Tomcat/8.0.35
31-Aug-2016 14:11:11.371 INFO [localhost-startStop-1] org.apache.catalina.startup.HostConfig.deployDirectory Deploying web application directory D:\apache-tomcat-8.0.35\webapps\22canvas
31-Aug-2016 14:11:11.622 INFO [localhost-startStop-1] org.apache.catalina.startup.HostConfig.deployDirectory Deployment of web application directory D:\apache-tomcat-8.0.35\webapps\22canvas has finished in 251 ms
31-Aug-2016 14:11:11.623 INFO [localhost-startStop-1] org.apache.catalina.startup.HostConfig.deployDirectory Deploying web application directory D:\apache-tomcat-8.0.35\webapps\docs
31-Aug-2016 14:11:11.641 INFO [localhost-startStop-1] org.apache.catalina.startup.HostConfig.deployDirectory Deployment of web application directory D:\apache-tomcat-8.0.35\webapps\docs has finished in 18 ms
31-Aug-2016 14:11:11.642 INFO [localhost-startStop-1] org.apache.catalina.startup.HostConfig.deployDirectory Deploying web application directory D:\apache-tomcat-8.0.35\webapps\examples
31-Aug-2016 14:11:11.831 INFO [localhost-startStop-1] org.apache.catalina.startup.HostConfig.deployDirectory Deployment of web application directory D:\apache-tomcat-8.0.35\webapps\examples has finished in 188 ms
31-Aug-2016 14:11:11.831 INFO [localhost-startStop-1] org.apache.catalina.startup.HostConfig.deployDirectory Deploying web application directory D:\apache-tomcat-8.0.35\webapps\host-manager
31-Aug-2016 14:11:11.862 INFO [localhost-startStop-1] org.apache.catalina.startup.HostConfig.deployDirectory Deployment of web application directory D:\apache-tomcat-8.0.35\webapps\host-manager has finished in 31 ms
31-Aug-2016 14:11:11.862 INFO [localhost-startStop-1] org.apache.catalina.startup.HostConfig.deployDirectory Deploying web application directory D:\apache-tomcat-8.0.35\webapps\manager
31-Aug-2016 14:11:11.882 INFO [localhost-startStop-1] org.apache.catalina.startup.HostConfig.deployDirectory Deployment of web application directory D:\apache-tomcat-8.0.35\webapps\manager has finished in 19 ms
31-Aug-2016 14:11:11.882 INFO [localhost-startStop-1] org.apache.catalina.startup.HostConfig.deployDirectory Deploying web application directory D:\apache-tomcat-8.0.35\webapps\portal
31-Aug-2016 14:11:11.898 INFO [localhost-startStop-1] org.apache.catalina.startup.HostConfig.deployDirectory Deployment of web application directory D:\apache-tomcat-8.0.35\webapps\portal has finished in 16 ms
31-Aug-2016 14:11:11.898 INFO [localhost-startStop-1] org.apache.catalina.startup.HostConfig.deployDirectory Deploying web application directory D:\apache-tomcat-8.0.35\webapps\ROOT
31-Aug-2016 14:11:11.912 INFO [localhost-startStop-1] org.apache.catalina.startup.HostConfig.deployDirectory Deployment of web application directory D:\apache-tomcat-8.0.35\webapps\ROOT has finished in 13 ms
31-Aug-2016 14:11:11.912 INFO [localhost-startStop-1] org.apache.catalina.startup.HostConfig.deployDirectory Deploying web application directory D:\apache-tomcat-8.0.35\webapps\tenant
31-Aug-2016 14:11:11.925 INFO [localhost-startStop-1] org.apache.catalina.startup.HostConfig.deployDirectory Deployment of web application directory D:\apache-tomcat-8.0.35\webapps\tenant has finished in 13 ms
31-Aug-2016 14:11:11.928 INFO [main] org.apache.coyote.AbstractProtocol.start Starting ProtocolHandler ["http-apr-8080"]
31-Aug-2016 14:11:11.937 INFO [main] org.apache.coyote.AbstractProtocol.start Starting ProtocolHandler ["ajp-apr-8009"]
31-Aug-2016 14:11:11.942 INFO [main] org.apache.catalina.startup.Catalina.start Server startup in 603 ms
31-Aug-2016 14:11:16.569 INFO [main] org.apache.catalina.startup.VersionLoggerListener.log Server version:        Apache Tomcat/8.0.35
31-Aug-2016 14:11:16.570 INFO [main] org.apache.catalina.startup.VersionLoggerListener.log Server built:          May 11 2016 21:57:08 UTC
31-Aug-2016 14:11:16.570 INFO [main] org.apache.catalina.startup.VersionLoggerListener.log Server number:         8.0.35.0
31-Aug-2016 14:11:16.570 INFO [main] org.apache.catalina.startup.VersionLoggerListener.log OS Name:               Windows 8.1
31-Aug-2016 14:11:16.570 INFO [main] org.apache.catalina.startup.VersionLoggerListener.log OS Version:            6.3
31-Aug-2016 14:11:16.570 INFO [main] org.apache.catalina.startup.VersionLoggerListener.log Architecture:          amd64
31-Aug-2016 14:11:16.570 INFO [main] org.apache.catalina.startup.VersionLoggerListener.log Java Home:             D:\Program Files\Java\jdk1.8.0_51
31-Aug-2016 14:11:16.570 INFO [main] org.apache.catalina.startup.VersionLoggerListener.log JVM Version:           1.8.0_51-b16
31-Aug-2016 14:11:16.570 INFO [main] org.apache.catalina.startup.VersionLoggerListener.log JVM Vendor:            Oracle Corporation
31-Aug-2016 14:11:16.570 INFO [main] org.apache.catalina.startup.VersionLoggerListener.log CATALINA_BASE:         D:\apache-tomcat-8.0.35
31-Aug-2016 14:11:16.570 INFO [main] org.apache.catalina.startup.VersionLoggerListener.log CATALINA_HOME:         D:\apache-tomcat-8.0.35
31-Aug-2016 14:11:16.570 INFO [main] org.apache.catalina.startup.VersionLoggerListener.log Command line argument: -Djava.util.logging.config.file=D:/apache-tomcat-8.0.35/conf/logging.properties
31-Aug-2016 14:11:16.571 INFO [main] org.apache.catalina.startup.VersionLoggerListener.log Command line argument: -Djava.util.logging.manager=org.apache.juli.ClassLoaderLogManager
31-Aug-2016 14:11:16.571 INFO [main] org.apache.catalina.startup.VersionLoggerListener.log Command line argument: -Djdk.tls.ephemeralDHKeySize=2048
31-Aug-2016 14:11:16.571 INFO [main] org.apache.catalina.startup.VersionLoggerListener.log Command line argument: -Djava.endorsed.dirs=D:/apache-tomcat-8.0.35/endorsed
31-Aug-2016 14:11:16.571 INFO [main] org.apache.catalina.startup.VersionLoggerListener.log Command line argument: -Dcatalina.base=D:/apache-tomcat-8.0.35
31-Aug-2016 14:11:16.571 INFO [main] org.apache.catalina.startup.VersionLoggerListener.log Command line argument: -Dcatalina.home=D:/apache-tomcat-8.0.35
31-Aug-2016 14:11:16.571 INFO [main] org.apache.catalina.startup.VersionLoggerListener.log Command line argument: -Djava.io.tmpdir=D:/apache-tomcat-8.0.35/temp
31-Aug-2016 14:11:16.571 INFO [main] org.apache.catalina.core.AprLifecycleListener.lifecycleEvent Loaded APR based Apache Tomcat Native library 1.2.7 using APR version 1.5.2.
31-Aug-2016 14:11:16.571 INFO [main] org.apache.catalina.core.AprLifecycleListener.lifecycleEvent APR capabilities: IPv6 [true], sendfile [true], accept filters [false], random [true].
31-Aug-2016 14:11:17.136 INFO [main] org.apache.catalina.core.AprLifecycleListener.initializeSSL OpenSSL successfully initialized (OpenSSL 1.0.2h  3 May 2016)
31-Aug-2016 14:11:17.245 INFO [main] org.apache.coyote.AbstractProtocol.init Initializing ProtocolHandler ["http-apr-8080"]
31-Aug-2016 14:11:17.253 INFO [main] org.apache.coyote.AbstractProtocol.init Initializing ProtocolHandler ["ajp-apr-8009"]
31-Aug-2016 14:11:17.254 INFO [main] org.apache.catalina.startup.Catalina.load Initialization processed in 977 ms
31-Aug-2016 14:11:17.277 INFO [main] org.apache.catalina.core.StandardService.startInternal Starting service Catalina
31-Aug-2016 14:11:17.277 INFO [main] org.apache.catalina.core.StandardEngine.startInternal Starting Servlet Engine: Apache Tomcat/8.0.35
31-Aug-2016 14:11:17.287 INFO [localhost-startStop-1] org.apache.catalina.startup.HostConfig.deployDirectory Deploying web application directory D:\apache-tomcat-8.0.35\webapps\22canvas
31-Aug-2016 14:11:17.593 INFO [localhost-startStop-1] org.apache.catalina.startup.HostConfig.deployDirectory Deployment of web application directory D:\apache-tomcat-8.0.35\webapps\22canvas has finished in 307 ms
31-Aug-2016 14:11:17.594 INFO [localhost-startStop-1] org.apache.catalina.startup.HostConfig.deployDirectory Deploying web application directory D:\apache-tomcat-8.0.35\webapps\docs
31-Aug-2016 14:11:17.610 INFO [localhost-startStop-1] org.apache.catalina.startup.HostConfig.deployDirectory Deployment of web application directory D:\apache-tomcat-8.0.35\webapps\docs has finished in 16 ms
31-Aug-2016 14:11:17.610 INFO [localhost-startStop-1] org.apache.catalina.startup.HostConfig.deployDirectory Deploying web application directory D:\apache-tomcat-8.0.35\webapps\examples
31-Aug-2016 14:11:17.813 INFO [localhost-startStop-1] org.apache.catalina.startup.HostConfig.deployDirectory Deployment of web application directory D:\apache-tomcat-8.0.35\webapps\examples has finished in 203 ms
31-Aug-2016 14:11:17.813 INFO [localhost-startStop-1] org.apache.catalina.startup.HostConfig.deployDirectory Deploying web application directory D:\apache-tomcat-8.0.35\webapps\host-manager
31-Aug-2016 14:11:17.840 INFO [localhost-startStop-1] org.apache.catalina.startup.HostConfig.deployDirectory Deployment of web application directory D:\apache-tomcat-8.0.35\webapps\host-manager has finished in 27 ms
31-Aug-2016 14:11:17.840 INFO [localhost-startStop-1] org.apache.catalina.startup.HostConfig.deployDirectory Deploying web application directory D:\apache-tomcat-8.0.35\webapps\manager
31-Aug-2016 14:11:17.857 INFO [localhost-startStop-1] org.apache.catalina.startup.HostConfig.deployDirectory Deployment of web application directory D:\apache-tomcat-8.0.35\webapps\manager has finished in 17 ms
31-Aug-2016 14:11:17.857 INFO [localhost-startStop-1] org.apache.catalina.startup.HostConfig.deployDirectory Deploying web application directory D:\apache-tomcat-8.0.35\webapps\portal
31-Aug-2016 14:11:17.870 INFO [localhost-startStop-1] org.apache.catalina.startup.HostConfig.deployDirectory Deployment of web application directory D:\apache-tomcat-8.0.35\webapps\portal has finished in 13 ms
31-Aug-2016 14:11:17.870 INFO [localhost-startStop-1] org.apache.catalina.startup.HostConfig.deployDirectory Deploying web application directory D:\apache-tomcat-8.0.35\webapps\ROOT
31-Aug-2016 14:11:17.881 INFO [localhost-startStop-1] org.apache.catalina.startup.HostConfig.deployDirectory Deployment of web application directory D:\apache-tomcat-8.0.35\webapps\ROOT has finished in 11 ms
31-Aug-2016 14:11:17.882 INFO [localhost-startStop-1] org.apache.catalina.startup.HostConfig.deployDirectory Deploying web application directory D:\apache-tomcat-8.0.35\webapps\tenant
31-Aug-2016 14:11:17.892 INFO [localhost-startStop-1] org.apache.catalina.startup.HostConfig.deployDirectory Deployment of web application directory D:\apache-tomcat-8.0.35\webapps\tenant has finished in 11 ms
31-Aug-2016 14:11:17.896 INFO [main] org.apache.coyote.AbstractProtocol.start Starting ProtocolHandler ["http-apr-8080"]
31-Aug-2016 14:11:17.903 INFO [main] org.apache.coyote.AbstractProtocol.start Starting ProtocolHandler ["ajp-apr-8009"]
31-Aug-2016 14:11:17.906 INFO [main] org.apache.catalina.startup.Catalina.start Server startup in 651 ms
