08-Jul-2016 10:01:10.523 INFO [main] org.apache.catalina.startup.VersionLoggerListener.log Server version:        Apache Tomcat/8.0.35
08-Jul-2016 10:01:10.534 INFO [main] org.apache.catalina.startup.VersionLoggerListener.log Server built:          May 11 2016 21:57:08 UTC
08-Jul-2016 10:01:10.535 INFO [main] org.apache.catalina.startup.VersionLoggerListener.log Server number:         8.0.35.0
08-Jul-2016 10:01:10.535 INFO [main] org.apache.catalina.startup.VersionLoggerListener.log OS Name:               Windows 8.1
08-Jul-2016 10:01:10.535 INFO [main] org.apache.catalina.startup.VersionLoggerListener.log OS Version:            6.3
08-Jul-2016 10:01:10.535 INFO [main] org.apache.catalina.startup.VersionLoggerListener.log Architecture:          amd64
08-Jul-2016 10:01:10.535 INFO [main] org.apache.catalina.startup.VersionLoggerListener.log Java Home:             D:\Program Files\Java\jdk1.8.0_51
08-Jul-2016 10:01:10.535 INFO [main] org.apache.catalina.startup.VersionLoggerListener.log JVM Version:           1.8.0_51-b16
08-Jul-2016 10:01:10.535 INFO [main] org.apache.catalina.startup.VersionLoggerListener.log JVM Vendor:            Oracle Corporation
08-Jul-2016 10:01:10.535 INFO [main] org.apache.catalina.startup.VersionLoggerListener.log CATALINA_BASE:         D:\apache-tomcat-8.0.35
08-Jul-2016 10:01:10.535 INFO [main] org.apache.catalina.startup.VersionLoggerListener.log CATALINA_HOME:         D:\apache-tomcat-8.0.35
08-Jul-2016 10:01:10.535 INFO [main] org.apache.catalina.startup.VersionLoggerListener.log Command line argument: -Djava.util.logging.config.file=D:/apache-tomcat-8.0.35/conf/logging.properties
08-Jul-2016 10:01:10.535 INFO [main] org.apache.catalina.startup.VersionLoggerListener.log Command line argument: -Djava.util.logging.manager=org.apache.juli.ClassLoaderLogManager
08-Jul-2016 10:01:10.535 INFO [main] org.apache.catalina.startup.VersionLoggerListener.log Command line argument: -Djdk.tls.ephemeralDHKeySize=2048
08-Jul-2016 10:01:10.536 INFO [main] org.apache.catalina.startup.VersionLoggerListener.log Command line argument: -Djava.endorsed.dirs=D:/apache-tomcat-8.0.35/endorsed
08-Jul-2016 10:01:10.536 INFO [main] org.apache.catalina.startup.VersionLoggerListener.log Command line argument: -Dcatalina.base=D:/apache-tomcat-8.0.35
08-Jul-2016 10:01:10.536 INFO [main] org.apache.catalina.startup.VersionLoggerListener.log Command line argument: -Dcatalina.home=D:/apache-tomcat-8.0.35
08-Jul-2016 10:01:10.536 INFO [main] org.apache.catalina.startup.VersionLoggerListener.log Command line argument: -Djava.io.tmpdir=D:/apache-tomcat-8.0.35/temp
08-Jul-2016 10:01:10.536 INFO [main] org.apache.catalina.core.AprLifecycleListener.lifecycleEvent Loaded APR based Apache Tomcat Native library 1.2.7 using APR version 1.5.2.
08-Jul-2016 10:01:10.536 INFO [main] org.apache.catalina.core.AprLifecycleListener.lifecycleEvent APR capabilities: IPv6 [true], sendfile [true], accept filters [false], random [true].
08-Jul-2016 10:01:11.094 INFO [main] org.apache.catalina.core.AprLifecycleListener.initializeSSL OpenSSL successfully initialized (OpenSSL 1.0.2h  3 May 2016)
08-Jul-2016 10:01:11.186 INFO [main] org.apache.coyote.AbstractProtocol.init Initializing ProtocolHandler ["http-apr-8080"]
08-Jul-2016 10:01:11.193 INFO [main] org.apache.coyote.AbstractProtocol.init Initializing ProtocolHandler ["ajp-apr-8009"]
08-Jul-2016 10:01:11.194 INFO [main] org.apache.catalina.startup.Catalina.load Initialization processed in 937 ms
08-Jul-2016 10:01:11.212 INFO [main] org.apache.catalina.core.StandardService.startInternal Starting service Catalina
08-Jul-2016 10:01:11.213 INFO [main] org.apache.catalina.core.StandardEngine.startInternal Starting Servlet Engine: Apache Tomcat/8.0.35
08-Jul-2016 10:01:11.234 INFO [localhost-startStop-1] org.apache.catalina.startup.HostConfig.deployDirectory Deploying web application directory D:\apache-tomcat-8.0.35\webapps\22canvas
08-Jul-2016 10:01:11.495 INFO [localhost-startStop-1] org.apache.catalina.startup.HostConfig.deployDirectory Deployment of web application directory D:\apache-tomcat-8.0.35\webapps\22canvas has finished in 260 ms
08-Jul-2016 10:01:11.495 INFO [localhost-startStop-1] org.apache.catalina.startup.HostConfig.deployDirectory Deploying web application directory D:\apache-tomcat-8.0.35\webapps\docs
08-Jul-2016 10:01:11.511 INFO [localhost-startStop-1] org.apache.catalina.startup.HostConfig.deployDirectory Deployment of web application directory D:\apache-tomcat-8.0.35\webapps\docs has finished in 16 ms
08-Jul-2016 10:01:11.511 INFO [localhost-startStop-1] org.apache.catalina.startup.HostConfig.deployDirectory Deploying web application directory D:\apache-tomcat-8.0.35\webapps\examples
08-Jul-2016 10:01:11.708 INFO [localhost-startStop-1] org.apache.catalina.startup.HostConfig.deployDirectory Deployment of web application directory D:\apache-tomcat-8.0.35\webapps\examples has finished in 197 ms
08-Jul-2016 10:01:11.708 INFO [localhost-startStop-1] org.apache.catalina.startup.HostConfig.deployDirectory Deploying web application directory D:\apache-tomcat-8.0.35\webapps\host-manager
08-Jul-2016 10:01:11.738 INFO [localhost-startStop-1] org.apache.catalina.startup.HostConfig.deployDirectory Deployment of web application directory D:\apache-tomcat-8.0.35\webapps\host-manager has finished in 30 ms
08-Jul-2016 10:01:11.738 INFO [localhost-startStop-1] org.apache.catalina.startup.HostConfig.deployDirectory Deploying web application directory D:\apache-tomcat-8.0.35\webapps\manager
08-Jul-2016 10:01:11.767 INFO [localhost-startStop-1] org.apache.catalina.startup.HostConfig.deployDirectory Deployment of web application directory D:\apache-tomcat-8.0.35\webapps\manager has finished in 29 ms
08-Jul-2016 10:01:11.767 INFO [localhost-startStop-1] org.apache.catalina.startup.HostConfig.deployDirectory Deploying web application directory D:\apache-tomcat-8.0.35\webapps\portal
08-Jul-2016 10:01:11.780 INFO [localhost-startStop-1] org.apache.catalina.startup.HostConfig.deployDirectory Deployment of web application directory D:\apache-tomcat-8.0.35\webapps\portal has finished in 13 ms
08-Jul-2016 10:01:11.780 INFO [localhost-startStop-1] org.apache.catalina.startup.HostConfig.deployDirectory Deploying web application directory D:\apache-tomcat-8.0.35\webapps\ROOT
08-Jul-2016 10:01:11.793 INFO [localhost-startStop-1] org.apache.catalina.startup.HostConfig.deployDirectory Deployment of web application directory D:\apache-tomcat-8.0.35\webapps\ROOT has finished in 13 ms
08-Jul-2016 10:01:11.794 INFO [localhost-startStop-1] org.apache.catalina.startup.HostConfig.deployDirectory Deploying web application directory D:\apache-tomcat-8.0.35\webapps\tenant
08-Jul-2016 10:01:11.807 INFO [localhost-startStop-1] org.apache.catalina.startup.HostConfig.deployDirectory Deployment of web application directory D:\apache-tomcat-8.0.35\webapps\tenant has finished in 13 ms
08-Jul-2016 10:01:11.809 INFO [main] org.apache.coyote.AbstractProtocol.start Starting ProtocolHandler ["http-apr-8080"]
08-Jul-2016 10:01:11.817 INFO [main] org.apache.coyote.AbstractProtocol.start Starting ProtocolHandler ["ajp-apr-8009"]
08-Jul-2016 10:01:11.819 INFO [main] org.apache.catalina.startup.Catalina.start Server startup in 624 ms
