23-Nov-2016 17:31:49.603 INFO [main] org.apache.catalina.startup.VersionLoggerListener.log Server version:        Apache Tomcat/8.0.35
23-Nov-2016 17:31:49.615 INFO [main] org.apache.catalina.startup.VersionLoggerListener.log Server built:          May 11 2016 21:57:08 UTC
23-Nov-2016 17:31:49.615 INFO [main] org.apache.catalina.startup.VersionLoggerListener.log Server number:         8.0.35.0
23-Nov-2016 17:31:49.615 INFO [main] org.apache.catalina.startup.VersionLoggerListener.log OS Name:               Windows 8.1
23-Nov-2016 17:31:49.615 INFO [main] org.apache.catalina.startup.VersionLoggerListener.log OS Version:            6.3
23-Nov-2016 17:31:49.615 INFO [main] org.apache.catalina.startup.VersionLoggerListener.log Architecture:          amd64
23-Nov-2016 17:31:49.615 INFO [main] org.apache.catalina.startup.VersionLoggerListener.log Java Home:             D:\Program Files\Java\jdk1.8.0_51
23-Nov-2016 17:31:49.615 INFO [main] org.apache.catalina.startup.VersionLoggerListener.log JVM Version:           1.8.0_51-b16
23-Nov-2016 17:31:49.615 INFO [main] org.apache.catalina.startup.VersionLoggerListener.log JVM Vendor:            Oracle Corporation
23-Nov-2016 17:31:49.615 INFO [main] org.apache.catalina.startup.VersionLoggerListener.log CATALINA_BASE:         D:\apache-tomcat-8.0.35
23-Nov-2016 17:31:49.616 INFO [main] org.apache.catalina.startup.VersionLoggerListener.log CATALINA_HOME:         D:\apache-tomcat-8.0.35
23-Nov-2016 17:31:49.616 INFO [main] org.apache.catalina.startup.VersionLoggerListener.log Command line argument: -Djava.util.logging.config.file=D:/apache-tomcat-8.0.35/conf/logging.properties
23-Nov-2016 17:31:49.616 INFO [main] org.apache.catalina.startup.VersionLoggerListener.log Command line argument: -Djava.util.logging.manager=org.apache.juli.ClassLoaderLogManager
23-Nov-2016 17:31:49.616 INFO [main] org.apache.catalina.startup.VersionLoggerListener.log Command line argument: -Djdk.tls.ephemeralDHKeySize=2048
23-Nov-2016 17:31:49.616 INFO [main] org.apache.catalina.startup.VersionLoggerListener.log Command line argument: -Djava.endorsed.dirs=D:/apache-tomcat-8.0.35/endorsed
23-Nov-2016 17:31:49.616 INFO [main] org.apache.catalina.startup.VersionLoggerListener.log Command line argument: -Dcatalina.base=D:/apache-tomcat-8.0.35
23-Nov-2016 17:31:49.616 INFO [main] org.apache.catalina.startup.VersionLoggerListener.log Command line argument: -Dcatalina.home=D:/apache-tomcat-8.0.35
23-Nov-2016 17:31:49.616 INFO [main] org.apache.catalina.startup.VersionLoggerListener.log Command line argument: -Djava.io.tmpdir=D:/apache-tomcat-8.0.35/temp
23-Nov-2016 17:31:49.616 INFO [main] org.apache.catalina.core.AprLifecycleListener.lifecycleEvent Loaded APR based Apache Tomcat Native library 1.2.7 using APR version 1.5.2.
23-Nov-2016 17:31:49.617 INFO [main] org.apache.catalina.core.AprLifecycleListener.lifecycleEvent APR capabilities: IPv6 [true], sendfile [true], accept filters [false], random [true].
23-Nov-2016 17:31:50.173 INFO [main] org.apache.catalina.core.AprLifecycleListener.initializeSSL OpenSSL successfully initialized (OpenSSL 1.0.2h  3 May 2016)
23-Nov-2016 17:31:50.285 INFO [main] org.apache.coyote.AbstractProtocol.init Initializing ProtocolHandler ["http-apr-8080"]
23-Nov-2016 17:31:50.293 INFO [main] org.apache.coyote.AbstractProtocol.init Initializing ProtocolHandler ["ajp-apr-8009"]
23-Nov-2016 17:31:50.294 INFO [main] org.apache.catalina.startup.Catalina.load Initialization processed in 987 ms
23-Nov-2016 17:31:50.345 INFO [main] org.apache.catalina.core.StandardService.startInternal Starting service Catalina
23-Nov-2016 17:31:50.345 INFO [main] org.apache.catalina.core.StandardEngine.startInternal Starting Servlet Engine: Apache Tomcat/8.0.35
23-Nov-2016 17:31:50.372 INFO [localhost-startStop-1] org.apache.catalina.startup.HostConfig.deployDirectory Deploying web application directory D:\apache-tomcat-8.0.35\webapps\22canvas
23-Nov-2016 17:31:50.769 INFO [localhost-startStop-1] org.apache.catalina.startup.HostConfig.deployDirectory Deployment of web application directory D:\apache-tomcat-8.0.35\webapps\22canvas has finished in 396 ms
23-Nov-2016 17:31:50.769 INFO [localhost-startStop-1] org.apache.catalina.startup.HostConfig.deployDirectory Deploying web application directory D:\apache-tomcat-8.0.35\webapps\docs
23-Nov-2016 17:31:50.791 INFO [localhost-startStop-1] org.apache.catalina.startup.HostConfig.deployDirectory Deployment of web application directory D:\apache-tomcat-8.0.35\webapps\docs has finished in 22 ms
23-Nov-2016 17:31:50.792 INFO [localhost-startStop-1] org.apache.catalina.startup.HostConfig.deployDirectory Deploying web application directory D:\apache-tomcat-8.0.35\webapps\email
23-Nov-2016 17:31:50.825 INFO [localhost-startStop-1] org.apache.catalina.startup.HostConfig.deployDirectory Deployment of web application directory D:\apache-tomcat-8.0.35\webapps\email has finished in 33 ms
23-Nov-2016 17:31:50.825 INFO [localhost-startStop-1] org.apache.catalina.startup.HostConfig.deployDirectory Deploying web application directory D:\apache-tomcat-8.0.35\webapps\examples
23-Nov-2016 17:31:51.148 INFO [localhost-startStop-1] org.apache.catalina.startup.HostConfig.deployDirectory Deployment of web application directory D:\apache-tomcat-8.0.35\webapps\examples has finished in 323 ms
23-Nov-2016 17:31:51.148 INFO [localhost-startStop-1] org.apache.catalina.startup.HostConfig.deployDirectory Deploying web application directory D:\apache-tomcat-8.0.35\webapps\host-manager
23-Nov-2016 17:31:51.174 INFO [localhost-startStop-1] org.apache.catalina.startup.HostConfig.deployDirectory Deployment of web application directory D:\apache-tomcat-8.0.35\webapps\host-manager has finished in 26 ms
23-Nov-2016 17:31:51.174 INFO [localhost-startStop-1] org.apache.catalina.startup.HostConfig.deployDirectory Deploying web application directory D:\apache-tomcat-8.0.35\webapps\html2canvas
23-Nov-2016 17:31:51.191 INFO [localhost-startStop-1] org.apache.catalina.startup.HostConfig.deployDirectory Deployment of web application directory D:\apache-tomcat-8.0.35\webapps\html2canvas has finished in 17 ms
23-Nov-2016 17:31:51.191 INFO [localhost-startStop-1] org.apache.catalina.startup.HostConfig.deployDirectory Deploying web application directory D:\apache-tomcat-8.0.35\webapps\mail
23-Nov-2016 17:31:51.215 INFO [localhost-startStop-1] org.apache.catalina.startup.HostConfig.deployDirectory Deployment of web application directory D:\apache-tomcat-8.0.35\webapps\mail has finished in 24 ms
23-Nov-2016 17:31:51.215 INFO [localhost-startStop-1] org.apache.catalina.startup.HostConfig.deployDirectory Deploying web application directory D:\apache-tomcat-8.0.35\webapps\manager
23-Nov-2016 17:31:51.255 INFO [localhost-startStop-1] org.apache.catalina.startup.HostConfig.deployDirectory Deployment of web application directory D:\apache-tomcat-8.0.35\webapps\manager has finished in 40 ms
23-Nov-2016 17:31:51.255 INFO [localhost-startStop-1] org.apache.catalina.startup.HostConfig.deployDirectory Deploying web application directory D:\apache-tomcat-8.0.35\webapps\portal
23-Nov-2016 17:31:51.267 INFO [localhost-startStop-1] org.apache.catalina.startup.HostConfig.deployDirectory Deployment of web application directory D:\apache-tomcat-8.0.35\webapps\portal has finished in 12 ms
23-Nov-2016 17:31:51.268 INFO [localhost-startStop-1] org.apache.catalina.startup.HostConfig.deployDirectory Deploying web application directory D:\apache-tomcat-8.0.35\webapps\ROOT
23-Nov-2016 17:31:51.280 INFO [localhost-startStop-1] org.apache.catalina.startup.HostConfig.deployDirectory Deployment of web application directory D:\apache-tomcat-8.0.35\webapps\ROOT has finished in 12 ms
23-Nov-2016 17:31:51.280 INFO [localhost-startStop-1] org.apache.catalina.startup.HostConfig.deployDirectory Deploying web application directory D:\apache-tomcat-8.0.35\webapps\tenant
23-Nov-2016 17:31:51.309 INFO [localhost-startStop-1] org.apache.catalina.startup.HostConfig.deployDirectory Deployment of web application directory D:\apache-tomcat-8.0.35\webapps\tenant has finished in 28 ms
23-Nov-2016 17:31:51.312 INFO [main] org.apache.coyote.AbstractProtocol.start Starting ProtocolHandler ["http-apr-8080"]
23-Nov-2016 17:31:51.320 INFO [main] org.apache.coyote.AbstractProtocol.start Starting ProtocolHandler ["ajp-apr-8009"]
23-Nov-2016 17:31:51.323 INFO [main] org.apache.catalina.startup.Catalina.start Server startup in 1028 ms
