30-Jun-2016 10:02:42.102 INFO [main] org.apache.catalina.startup.VersionLoggerListener.log Server version:        Apache Tomcat/8.0.35
30-Jun-2016 10:02:42.117 INFO [main] org.apache.catalina.startup.VersionLoggerListener.log Server built:          May 11 2016 21:57:08 UTC
30-Jun-2016 10:02:42.117 INFO [main] org.apache.catalina.startup.VersionLoggerListener.log Server number:         8.0.35.0
30-Jun-2016 10:02:42.117 INFO [main] org.apache.catalina.startup.VersionLoggerListener.log OS Name:               Windows 8.1
30-Jun-2016 10:02:42.118 INFO [main] org.apache.catalina.startup.VersionLoggerListener.log OS Version:            6.3
30-Jun-2016 10:02:42.118 INFO [main] org.apache.catalina.startup.VersionLoggerListener.log Architecture:          amd64
30-Jun-2016 10:02:42.118 INFO [main] org.apache.catalina.startup.VersionLoggerListener.log Java Home:             D:\Program Files\Java\jdk1.8.0_51
30-Jun-2016 10:02:42.118 INFO [main] org.apache.catalina.startup.VersionLoggerListener.log JVM Version:           1.8.0_51-b16
30-Jun-2016 10:02:42.118 INFO [main] org.apache.catalina.startup.VersionLoggerListener.log JVM Vendor:            Oracle Corporation
30-Jun-2016 10:02:42.118 INFO [main] org.apache.catalina.startup.VersionLoggerListener.log CATALINA_BASE:         D:\apache-tomcat-8.0.35
30-Jun-2016 10:02:42.118 INFO [main] org.apache.catalina.startup.VersionLoggerListener.log CATALINA_HOME:         D:\apache-tomcat-8.0.35
30-Jun-2016 10:02:42.119 INFO [main] org.apache.catalina.startup.VersionLoggerListener.log Command line argument: -Djava.util.logging.config.file=D:/apache-tomcat-8.0.35/conf/logging.properties
30-Jun-2016 10:02:42.119 INFO [main] org.apache.catalina.startup.VersionLoggerListener.log Command line argument: -Djava.util.logging.manager=org.apache.juli.ClassLoaderLogManager
30-Jun-2016 10:02:42.119 INFO [main] org.apache.catalina.startup.VersionLoggerListener.log Command line argument: -Djdk.tls.ephemeralDHKeySize=2048
30-Jun-2016 10:02:42.119 INFO [main] org.apache.catalina.startup.VersionLoggerListener.log Command line argument: -Djava.endorsed.dirs=D:/apache-tomcat-8.0.35/endorsed
30-Jun-2016 10:02:42.119 INFO [main] org.apache.catalina.startup.VersionLoggerListener.log Command line argument: -Dcatalina.base=D:/apache-tomcat-8.0.35
30-Jun-2016 10:02:42.119 INFO [main] org.apache.catalina.startup.VersionLoggerListener.log Command line argument: -Dcatalina.home=D:/apache-tomcat-8.0.35
30-Jun-2016 10:02:42.119 INFO [main] org.apache.catalina.startup.VersionLoggerListener.log Command line argument: -Djava.io.tmpdir=D:/apache-tomcat-8.0.35/temp
30-Jun-2016 10:02:42.119 INFO [main] org.apache.catalina.core.AprLifecycleListener.lifecycleEvent Loaded APR based Apache Tomcat Native library 1.2.7 using APR version 1.5.2.
30-Jun-2016 10:02:42.120 INFO [main] org.apache.catalina.core.AprLifecycleListener.lifecycleEvent APR capabilities: IPv6 [true], sendfile [true], accept filters [false], random [true].
30-Jun-2016 10:02:42.684 INFO [main] org.apache.catalina.core.AprLifecycleListener.initializeSSL OpenSSL successfully initialized (OpenSSL 1.0.2h  3 May 2016)
30-Jun-2016 10:02:42.784 INFO [main] org.apache.coyote.AbstractProtocol.init Initializing ProtocolHandler ["http-apr-8080"]
30-Jun-2016 10:02:42.791 INFO [main] org.apache.coyote.AbstractProtocol.init Initializing ProtocolHandler ["ajp-apr-8009"]
30-Jun-2016 10:02:42.792 INFO [main] org.apache.catalina.startup.Catalina.load Initialization processed in 979 ms
30-Jun-2016 10:02:42.815 INFO [main] org.apache.catalina.core.StandardService.startInternal Starting service Catalina
30-Jun-2016 10:02:42.815 INFO [main] org.apache.catalina.core.StandardEngine.startInternal Starting Servlet Engine: Apache Tomcat/8.0.35
30-Jun-2016 10:02:42.823 INFO [localhost-startStop-1] org.apache.catalina.startup.HostConfig.deployDirectory Deploying web application directory D:\apache-tomcat-8.0.35\webapps\22canvas
30-Jun-2016 10:02:43.103 INFO [localhost-startStop-1] org.apache.catalina.startup.HostConfig.deployDirectory Deployment of web application directory D:\apache-tomcat-8.0.35\webapps\22canvas has finished in 280 ms
30-Jun-2016 10:02:43.103 INFO [localhost-startStop-1] org.apache.catalina.startup.HostConfig.deployDirectory Deploying web application directory D:\apache-tomcat-8.0.35\webapps\docs
30-Jun-2016 10:02:43.119 INFO [localhost-startStop-1] org.apache.catalina.startup.HostConfig.deployDirectory Deployment of web application directory D:\apache-tomcat-8.0.35\webapps\docs has finished in 16 ms
30-Jun-2016 10:02:43.120 INFO [localhost-startStop-1] org.apache.catalina.startup.HostConfig.deployDirectory Deploying web application directory D:\apache-tomcat-8.0.35\webapps\examples
30-Jun-2016 10:02:43.364 INFO [localhost-startStop-1] org.apache.catalina.startup.HostConfig.deployDirectory Deployment of web application directory D:\apache-tomcat-8.0.35\webapps\examples has finished in 244 ms
30-Jun-2016 10:02:43.364 INFO [localhost-startStop-1] org.apache.catalina.startup.HostConfig.deployDirectory Deploying web application directory D:\apache-tomcat-8.0.35\webapps\host-manager
30-Jun-2016 10:02:43.397 INFO [localhost-startStop-1] org.apache.catalina.startup.HostConfig.deployDirectory Deployment of web application directory D:\apache-tomcat-8.0.35\webapps\host-manager has finished in 33 ms
30-Jun-2016 10:02:43.397 INFO [localhost-startStop-1] org.apache.catalina.startup.HostConfig.deployDirectory Deploying web application directory D:\apache-tomcat-8.0.35\webapps\manager
30-Jun-2016 10:02:43.425 INFO [localhost-startStop-1] org.apache.catalina.startup.HostConfig.deployDirectory Deployment of web application directory D:\apache-tomcat-8.0.35\webapps\manager has finished in 28 ms
30-Jun-2016 10:02:43.426 INFO [localhost-startStop-1] org.apache.catalina.startup.HostConfig.deployDirectory Deploying web application directory D:\apache-tomcat-8.0.35\webapps\portal
30-Jun-2016 10:02:43.442 INFO [localhost-startStop-1] org.apache.catalina.startup.HostConfig.deployDirectory Deployment of web application directory D:\apache-tomcat-8.0.35\webapps\portal has finished in 16 ms
30-Jun-2016 10:02:43.442 INFO [localhost-startStop-1] org.apache.catalina.startup.HostConfig.deployDirectory Deploying web application directory D:\apache-tomcat-8.0.35\webapps\ROOT
30-Jun-2016 10:02:43.457 INFO [localhost-startStop-1] org.apache.catalina.startup.HostConfig.deployDirectory Deployment of web application directory D:\apache-tomcat-8.0.35\webapps\ROOT has finished in 14 ms
30-Jun-2016 10:02:43.457 INFO [localhost-startStop-1] org.apache.catalina.startup.HostConfig.deployDirectory Deploying web application directory D:\apache-tomcat-8.0.35\webapps\tenant
30-Jun-2016 10:02:43.473 INFO [localhost-startStop-1] org.apache.catalina.startup.HostConfig.deployDirectory Deployment of web application directory D:\apache-tomcat-8.0.35\webapps\tenant has finished in 16 ms
30-Jun-2016 10:02:43.475 INFO [main] org.apache.coyote.AbstractProtocol.start Starting ProtocolHandler ["http-apr-8080"]
30-Jun-2016 10:02:43.486 INFO [main] org.apache.coyote.AbstractProtocol.start Starting ProtocolHandler ["ajp-apr-8009"]
30-Jun-2016 10:02:43.489 INFO [main] org.apache.catalina.startup.Catalina.start Server startup in 697 ms
