25-Jul-2017 16:22:59.828 INFO [main] org.apache.catalina.startup.VersionLoggerListener.log Server version:        Apache Tomcat/8.0.35
25-Jul-2017 16:22:59.851 INFO [main] org.apache.catalina.startup.VersionLoggerListener.log Server built:          May 11 2016 21:57:08 UTC
25-Jul-2017 16:22:59.851 INFO [main] org.apache.catalina.startup.VersionLoggerListener.log Server number:         8.0.35.0
25-Jul-2017 16:22:59.851 INFO [main] org.apache.catalina.startup.VersionLoggerListener.log OS Name:               Windows 8.1
25-Jul-2017 16:22:59.851 INFO [main] org.apache.catalina.startup.VersionLoggerListener.log OS Version:            6.3
25-Jul-2017 16:22:59.851 INFO [main] org.apache.catalina.startup.VersionLoggerListener.log Architecture:          amd64
25-Jul-2017 16:22:59.851 INFO [main] org.apache.catalina.startup.VersionLoggerListener.log Java Home:             D:\Program Files\Java\jdk1.8.0_51
25-Jul-2017 16:22:59.851 INFO [main] org.apache.catalina.startup.VersionLoggerListener.log JVM Version:           1.8.0_51-b16
25-Jul-2017 16:22:59.851 INFO [main] org.apache.catalina.startup.VersionLoggerListener.log JVM Vendor:            Oracle Corporation
25-Jul-2017 16:22:59.851 INFO [main] org.apache.catalina.startup.VersionLoggerListener.log CATALINA_BASE:         F:\≤‚ ‘—ßœ∞\35D3—ßœ∞\apache-tomcat-8.0.35
25-Jul-2017 16:22:59.851 INFO [main] org.apache.catalina.startup.VersionLoggerListener.log CATALINA_HOME:         F:\≤‚ ‘—ßœ∞\35D3—ßœ∞\apache-tomcat-8.0.35
25-Jul-2017 16:22:59.852 INFO [main] org.apache.catalina.startup.VersionLoggerListener.log Command line argument: -Djava.util.logging.config.file=F:/≤‚ ‘—ßœ∞/35D3—ßœ∞/apache-tomcat-8.0.35/conf/logging.properties
25-Jul-2017 16:22:59.852 INFO [main] org.apache.catalina.startup.VersionLoggerListener.log Command line argument: -Djava.util.logging.manager=org.apache.juli.ClassLoaderLogManager
25-Jul-2017 16:22:59.852 INFO [main] org.apache.catalina.startup.VersionLoggerListener.log Command line argument: -Djdk.tls.ephemeralDHKeySize=2048
25-Jul-2017 16:22:59.852 INFO [main] org.apache.catalina.startup.VersionLoggerListener.log Command line argument: -Djava.endorsed.dirs=F:/≤‚ ‘—ßœ∞/35D3—ßœ∞/apache-tomcat-8.0.35/endorsed
25-Jul-2017 16:22:59.852 INFO [main] org.apache.catalina.startup.VersionLoggerListener.log Command line argument: -Dcatalina.base=F:/≤‚ ‘—ßœ∞/35D3—ßœ∞/apache-tomcat-8.0.35
25-Jul-2017 16:22:59.852 INFO [main] org.apache.catalina.startup.VersionLoggerListener.log Command line argument: -Dcatalina.home=F:/≤‚ ‘—ßœ∞/35D3—ßœ∞/apache-tomcat-8.0.35
25-Jul-2017 16:22:59.852 INFO [main] org.apache.catalina.startup.VersionLoggerListener.log Command line argument: -Djava.io.tmpdir=F:/≤‚ ‘—ßœ∞/35D3—ßœ∞/apache-tomcat-8.0.35/temp
25-Jul-2017 16:22:59.852 INFO [main] org.apache.catalina.core.AprLifecycleListener.lifecycleEvent Loaded APR based Apache Tomcat Native library 1.2.7 using APR version 1.5.2.
25-Jul-2017 16:22:59.852 INFO [main] org.apache.catalina.core.AprLifecycleListener.lifecycleEvent APR capabilities: IPv6 [true], sendfile [true], accept filters [false], random [true].
25-Jul-2017 16:23:00.407 INFO [main] org.apache.catalina.core.AprLifecycleListener.initializeSSL OpenSSL successfully initialized (OpenSSL 1.0.2h  3 May 2016)
25-Jul-2017 16:23:00.898 INFO [main] org.apache.coyote.AbstractProtocol.init Initializing ProtocolHandler ["http-apr-8080"]
25-Jul-2017 16:23:00.905 INFO [main] org.apache.coyote.AbstractProtocol.init Initializing ProtocolHandler ["ajp-apr-8009"]
25-Jul-2017 16:23:00.906 INFO [main] org.apache.catalina.startup.Catalina.load Initialization processed in 2502 ms
25-Jul-2017 16:23:00.952 INFO [main] org.apache.catalina.core.StandardService.startInternal Starting service Catalina
25-Jul-2017 16:23:00.952 INFO [main] org.apache.catalina.core.StandardEngine.startInternal Starting Servlet Engine: Apache Tomcat/8.0.35
25-Jul-2017 16:23:00.962 INFO [localhost-startStop-1] org.apache.catalina.startup.HostConfig.deployDirectory Deploying web application directory F:\≤‚ ‘—ßœ∞\35D3—ßœ∞\apache-tomcat-8.0.35\webapps\D3
25-Jul-2017 16:23:01.447 INFO [localhost-startStop-1] org.apache.catalina.util.SessionIdGeneratorBase.createSecureRandom Creation of SecureRandom instance for session ID generation using [SHA1PRNG] took [105] milliseconds.
25-Jul-2017 16:23:01.486 INFO [localhost-startStop-1] org.apache.catalina.startup.HostConfig.deployDirectory Deployment of web application directory F:\≤‚ ‘—ßœ∞\35D3—ßœ∞\apache-tomcat-8.0.35\webapps\D3 has finished in 524 ms
25-Jul-2017 16:23:01.487 INFO [localhost-startStop-1] org.apache.catalina.startup.HostConfig.deployDirectory Deploying web application directory F:\≤‚ ‘—ßœ∞\35D3—ßœ∞\apache-tomcat-8.0.35\webapps\D3_drag_1
25-Jul-2017 16:23:01.505 INFO [localhost-startStop-1] org.apache.catalina.startup.HostConfig.deployDirectory Deployment of web application directory F:\≤‚ ‘—ßœ∞\35D3—ßœ∞\apache-tomcat-8.0.35\webapps\D3_drag_1 has finished in 18 ms
25-Jul-2017 16:23:01.505 INFO [localhost-startStop-1] org.apache.catalina.startup.HostConfig.deployDirectory Deploying web application directory F:\≤‚ ‘—ßœ∞\35D3—ßœ∞\apache-tomcat-8.0.35\webapps\docs
25-Jul-2017 16:23:01.566 INFO [localhost-startStop-1] org.apache.catalina.startup.HostConfig.deployDirectory Deployment of web application directory F:\≤‚ ‘—ßœ∞\35D3—ßœ∞\apache-tomcat-8.0.35\webapps\docs has finished in 61 ms
25-Jul-2017 16:23:01.566 INFO [localhost-startStop-1] org.apache.catalina.startup.HostConfig.deployDirectory Deploying web application directory F:\≤‚ ‘—ßœ∞\35D3—ßœ∞\apache-tomcat-8.0.35\webapps\email
25-Jul-2017 16:23:01.579 INFO [localhost-startStop-1] org.apache.catalina.startup.HostConfig.deployDirectory Deployment of web application directory F:\≤‚ ‘—ßœ∞\35D3—ßœ∞\apache-tomcat-8.0.35\webapps\email has finished in 13 ms
25-Jul-2017 16:23:01.579 INFO [localhost-startStop-1] org.apache.catalina.startup.HostConfig.deployDirectory Deploying web application directory F:\≤‚ ‘—ßœ∞\35D3—ßœ∞\apache-tomcat-8.0.35\webapps\examples
25-Jul-2017 16:23:01.980 INFO [localhost-startStop-1] org.apache.catalina.startup.HostConfig.deployDirectory Deployment of web application directory F:\≤‚ ‘—ßœ∞\35D3—ßœ∞\apache-tomcat-8.0.35\webapps\examples has finished in 401 ms
25-Jul-2017 16:23:01.980 INFO [localhost-startStop-1] org.apache.catalina.startup.HostConfig.deployDirectory Deploying web application directory F:\≤‚ ‘—ßœ∞\35D3—ßœ∞\apache-tomcat-8.0.35\webapps\host-manager
25-Jul-2017 16:23:02.000 INFO [localhost-startStop-1] org.apache.catalina.startup.HostConfig.deployDirectory Deployment of web application directory F:\≤‚ ‘—ßœ∞\35D3—ßœ∞\apache-tomcat-8.0.35\webapps\host-manager has finished in 20 ms
25-Jul-2017 16:23:02.001 INFO [localhost-startStop-1] org.apache.catalina.startup.HostConfig.deployDirectory Deploying web application directory F:\≤‚ ‘—ßœ∞\35D3—ßœ∞\apache-tomcat-8.0.35\webapps\lottery
25-Jul-2017 16:23:02.015 INFO [localhost-startStop-1] org.apache.catalina.startup.HostConfig.deployDirectory Deployment of web application directory F:\≤‚ ‘—ßœ∞\35D3—ßœ∞\apache-tomcat-8.0.35\webapps\lottery has finished in 14 ms
25-Jul-2017 16:23:02.015 INFO [localhost-startStop-1] org.apache.catalina.startup.HostConfig.deployDirectory Deploying web application directory F:\≤‚ ‘—ßœ∞\35D3—ßœ∞\apache-tomcat-8.0.35\webapps\mail
25-Jul-2017 16:23:02.031 INFO [localhost-startStop-1] org.apache.catalina.startup.HostConfig.deployDirectory Deployment of web application directory F:\≤‚ ‘—ßœ∞\35D3—ßœ∞\apache-tomcat-8.0.35\webapps\mail has finished in 16 ms
25-Jul-2017 16:23:02.032 INFO [localhost-startStop-1] org.apache.catalina.startup.HostConfig.deployDirectory Deploying web application directory F:\≤‚ ‘—ßœ∞\35D3—ßœ∞\apache-tomcat-8.0.35\webapps\manager
25-Jul-2017 16:23:02.067 INFO [localhost-startStop-1] org.apache.catalina.startup.HostConfig.deployDirectory Deployment of web application directory F:\≤‚ ‘—ßœ∞\35D3—ßœ∞\apache-tomcat-8.0.35\webapps\manager has finished in 35 ms
25-Jul-2017 16:23:02.068 INFO [localhost-startStop-1] org.apache.catalina.startup.HostConfig.deployDirectory Deploying web application directory F:\≤‚ ‘—ßœ∞\35D3—ßœ∞\apache-tomcat-8.0.35\webapps\ROOT
25-Jul-2017 16:23:02.098 INFO [localhost-startStop-1] org.apache.catalina.startup.HostConfig.deployDirectory Deployment of web application directory F:\≤‚ ‘—ßœ∞\35D3—ßœ∞\apache-tomcat-8.0.35\webapps\ROOT has finished in 30 ms
25-Jul-2017 16:23:02.101 INFO [main] org.apache.coyote.AbstractProtocol.start Starting ProtocolHandler ["http-apr-8080"]
25-Jul-2017 16:23:02.117 INFO [main] org.apache.coyote.AbstractProtocol.start Starting ProtocolHandler ["ajp-apr-8009"]
25-Jul-2017 16:23:02.120 INFO [main] org.apache.catalina.startup.Catalina.start Server startup in 1213 ms
