09-May-2017 10:08:44.318 INFO [main] org.apache.catalina.startup.VersionLoggerListener.log Server version:        Apache Tomcat/8.0.35
09-May-2017 10:08:44.334 INFO [main] org.apache.catalina.startup.VersionLoggerListener.log Server built:          May 11 2016 21:57:08 UTC
09-May-2017 10:08:44.334 INFO [main] org.apache.catalina.startup.VersionLoggerListener.log Server number:         8.0.35.0
09-May-2017 10:08:44.334 INFO [main] org.apache.catalina.startup.VersionLoggerListener.log OS Name:               Windows 8.1
09-May-2017 10:08:44.334 INFO [main] org.apache.catalina.startup.VersionLoggerListener.log OS Version:            6.3
09-May-2017 10:08:44.334 INFO [main] org.apache.catalina.startup.VersionLoggerListener.log Architecture:          amd64
09-May-2017 10:08:44.334 INFO [main] org.apache.catalina.startup.VersionLoggerListener.log Java Home:             D:\Program Files\Java\jdk1.8.0_51
09-May-2017 10:08:44.334 INFO [main] org.apache.catalina.startup.VersionLoggerListener.log JVM Version:           1.8.0_51-b16
09-May-2017 10:08:44.334 INFO [main] org.apache.catalina.startup.VersionLoggerListener.log JVM Vendor:            Oracle Corporation
09-May-2017 10:08:44.334 INFO [main] org.apache.catalina.startup.VersionLoggerListener.log CATALINA_BASE:         F:\≤‚ ‘—ßœ∞\35D3—ßœ∞\apache-tomcat-8.0.35
09-May-2017 10:08:44.334 INFO [main] org.apache.catalina.startup.VersionLoggerListener.log CATALINA_HOME:         F:\≤‚ ‘—ßœ∞\35D3—ßœ∞\apache-tomcat-8.0.35
09-May-2017 10:08:44.334 INFO [main] org.apache.catalina.startup.VersionLoggerListener.log Command line argument: -Djava.util.logging.config.file=F:/≤‚ ‘—ßœ∞/35D3—ßœ∞/apache-tomcat-8.0.35/conf/logging.properties
09-May-2017 10:08:44.334 INFO [main] org.apache.catalina.startup.VersionLoggerListener.log Command line argument: -Djava.util.logging.manager=org.apache.juli.ClassLoaderLogManager
09-May-2017 10:08:44.334 INFO [main] org.apache.catalina.startup.VersionLoggerListener.log Command line argument: -Djdk.tls.ephemeralDHKeySize=2048
09-May-2017 10:08:44.334 INFO [main] org.apache.catalina.startup.VersionLoggerListener.log Command line argument: -Djava.endorsed.dirs=F:/≤‚ ‘—ßœ∞/35D3—ßœ∞/apache-tomcat-8.0.35/endorsed
09-May-2017 10:08:44.334 INFO [main] org.apache.catalina.startup.VersionLoggerListener.log Command line argument: -Dcatalina.base=F:/≤‚ ‘—ßœ∞/35D3—ßœ∞/apache-tomcat-8.0.35
09-May-2017 10:08:44.334 INFO [main] org.apache.catalina.startup.VersionLoggerListener.log Command line argument: -Dcatalina.home=F:/≤‚ ‘—ßœ∞/35D3—ßœ∞/apache-tomcat-8.0.35
09-May-2017 10:08:44.334 INFO [main] org.apache.catalina.startup.VersionLoggerListener.log Command line argument: -Djava.io.tmpdir=F:/≤‚ ‘—ßœ∞/35D3—ßœ∞/apache-tomcat-8.0.35/temp
09-May-2017 10:08:44.334 INFO [main] org.apache.catalina.core.AprLifecycleListener.lifecycleEvent Loaded APR based Apache Tomcat Native library 1.2.7 using APR version 1.5.2.
09-May-2017 10:08:44.334 INFO [main] org.apache.catalina.core.AprLifecycleListener.lifecycleEvent APR capabilities: IPv6 [true], sendfile [true], accept filters [false], random [true].
09-May-2017 10:08:44.866 INFO [main] org.apache.catalina.core.AprLifecycleListener.initializeSSL OpenSSL successfully initialized (OpenSSL 1.0.2h  3 May 2016)
09-May-2017 10:08:44.951 INFO [main] org.apache.coyote.AbstractProtocol.init Initializing ProtocolHandler ["http-apr-8080"]
09-May-2017 10:08:44.967 INFO [main] org.apache.coyote.AbstractProtocol.init Initializing ProtocolHandler ["ajp-apr-8009"]
09-May-2017 10:08:44.967 INFO [main] org.apache.catalina.startup.Catalina.load Initialization processed in 946 ms
09-May-2017 10:08:44.982 INFO [main] org.apache.catalina.core.StandardService.startInternal Starting service Catalina
09-May-2017 10:08:44.982 INFO [main] org.apache.catalina.core.StandardEngine.startInternal Starting Servlet Engine: Apache Tomcat/8.0.35
09-May-2017 10:08:44.998 INFO [localhost-startStop-1] org.apache.catalina.startup.HostConfig.deployDirectory Deploying web application directory F:\≤‚ ‘—ßœ∞\35D3—ßœ∞\apache-tomcat-8.0.35\webapps\D3
09-May-2017 10:08:45.267 INFO [localhost-startStop-1] org.apache.catalina.startup.HostConfig.deployDirectory Deployment of web application directory F:\≤‚ ‘—ßœ∞\35D3—ßœ∞\apache-tomcat-8.0.35\webapps\D3 has finished in 269 ms
09-May-2017 10:08:45.267 INFO [localhost-startStop-1] org.apache.catalina.startup.HostConfig.deployDirectory Deploying web application directory F:\≤‚ ‘—ßœ∞\35D3—ßœ∞\apache-tomcat-8.0.35\webapps\docs
09-May-2017 10:08:45.298 INFO [localhost-startStop-1] org.apache.catalina.startup.HostConfig.deployDirectory Deployment of web application directory F:\≤‚ ‘—ßœ∞\35D3—ßœ∞\apache-tomcat-8.0.35\webapps\docs has finished in 31 ms
09-May-2017 10:08:45.298 INFO [localhost-startStop-1] org.apache.catalina.startup.HostConfig.deployDirectory Deploying web application directory F:\≤‚ ‘—ßœ∞\35D3—ßœ∞\apache-tomcat-8.0.35\webapps\email
09-May-2017 10:08:45.321 INFO [localhost-startStop-1] org.apache.catalina.startup.HostConfig.deployDirectory Deployment of web application directory F:\≤‚ ‘—ßœ∞\35D3—ßœ∞\apache-tomcat-8.0.35\webapps\email has finished in 23 ms
09-May-2017 10:08:45.321 INFO [localhost-startStop-1] org.apache.catalina.startup.HostConfig.deployDirectory Deploying web application directory F:\≤‚ ‘—ßœ∞\35D3—ßœ∞\apache-tomcat-8.0.35\webapps\examples
09-May-2017 10:08:45.634 INFO [localhost-startStop-1] org.apache.catalina.startup.HostConfig.deployDirectory Deployment of web application directory F:\≤‚ ‘—ßœ∞\35D3—ßœ∞\apache-tomcat-8.0.35\webapps\examples has finished in 313 ms
09-May-2017 10:08:45.634 INFO [localhost-startStop-1] org.apache.catalina.startup.HostConfig.deployDirectory Deploying web application directory F:\≤‚ ‘—ßœ∞\35D3—ßœ∞\apache-tomcat-8.0.35\webapps\host-manager
09-May-2017 10:08:45.655 INFO [localhost-startStop-1] org.apache.catalina.startup.HostConfig.deployDirectory Deployment of web application directory F:\≤‚ ‘—ßœ∞\35D3—ßœ∞\apache-tomcat-8.0.35\webapps\host-manager has finished in 21 ms
09-May-2017 10:08:45.655 INFO [localhost-startStop-1] org.apache.catalina.startup.HostConfig.deployDirectory Deploying web application directory F:\≤‚ ‘—ßœ∞\35D3—ßœ∞\apache-tomcat-8.0.35\webapps\lottery
09-May-2017 10:08:45.689 INFO [localhost-startStop-1] org.apache.catalina.startup.HostConfig.deployDirectory Deployment of web application directory F:\≤‚ ‘—ßœ∞\35D3—ßœ∞\apache-tomcat-8.0.35\webapps\lottery has finished in 34 ms
09-May-2017 10:08:45.690 INFO [localhost-startStop-1] org.apache.catalina.startup.HostConfig.deployDirectory Deploying web application directory F:\≤‚ ‘—ßœ∞\35D3—ßœ∞\apache-tomcat-8.0.35\webapps\mail
09-May-2017 10:08:45.703 INFO [localhost-startStop-1] org.apache.catalina.startup.HostConfig.deployDirectory Deployment of web application directory F:\≤‚ ‘—ßœ∞\35D3—ßœ∞\apache-tomcat-8.0.35\webapps\mail has finished in 13 ms
09-May-2017 10:08:45.704 INFO [localhost-startStop-1] org.apache.catalina.startup.HostConfig.deployDirectory Deploying web application directory F:\≤‚ ‘—ßœ∞\35D3—ßœ∞\apache-tomcat-8.0.35\webapps\manager
09-May-2017 10:08:45.721 INFO [localhost-startStop-1] org.apache.catalina.startup.HostConfig.deployDirectory Deployment of web application directory F:\≤‚ ‘—ßœ∞\35D3—ßœ∞\apache-tomcat-8.0.35\webapps\manager has finished in 17 ms
09-May-2017 10:08:45.721 INFO [localhost-startStop-1] org.apache.catalina.startup.HostConfig.deployDirectory Deploying web application directory F:\≤‚ ‘—ßœ∞\35D3—ßœ∞\apache-tomcat-8.0.35\webapps\ROOT
09-May-2017 10:08:45.733 INFO [localhost-startStop-1] org.apache.catalina.startup.HostConfig.deployDirectory Deployment of web application directory F:\≤‚ ‘—ßœ∞\35D3—ßœ∞\apache-tomcat-8.0.35\webapps\ROOT has finished in 12 ms
09-May-2017 10:08:45.736 INFO [main] org.apache.coyote.AbstractProtocol.start Starting ProtocolHandler ["http-apr-8080"]
09-May-2017 10:08:45.744 INFO [main] org.apache.coyote.AbstractProtocol.start Starting ProtocolHandler ["ajp-apr-8009"]
09-May-2017 10:08:45.747 INFO [main] org.apache.catalina.startup.Catalina.start Server startup in 775 ms
